2018-05-08 23:22:47[INFO] [ddpg] Action: [ 0.50436252  0.4899193   0.49311826  0.4938255   0.49971637  0.49832633
  0.49488023  0.50699097  0.49567538  0.50535458  0.50223929  0.50322026
  0.4884679   0.50588953  0.50079107  0.50851947]
2018-05-08 23:23:25[INFO] [ddpg][Episode: 0][Step: 0][Metric tps:0 lat:0 qps:0]Reward: -100.0 Score: -100.0 Done: True
2018-05-08 23:24:47[INFO] [ddpg] Action: [ 0.50615096  0.50548577  0.49055293  0.50389338  0.49340534  0.49999249
  0.50451308  0.50931525  0.49554777  0.50090855  0.49653703  0.50459915
  0.50683445  0.49499294  0.50418997  0.50293589]
2018-05-08 23:25:24[INFO] [ddpg][Episode: 1][Step: 0][Metric tps:0 lat:0 qps:0]Reward: -100.0 Score: -100.0 Done: True
Error in my_thread_global_end(): 48 threads didn't exit
2018-05-08 23:27:25[INFO] [ddpg] Action: [ 0.49960056  0.50859106  0.50014061  0.50500184  0.49505231  0.50234431
  0.49910659  0.49358836  0.49557289  0.49851111  0.49217516  0.49281928
  0.49475509  0.49986032  0.502859    0.49062356]
2018-05-08 23:28:02[INFO] [ddpg][Episode: 2][Step: 0][Metric tps:0 lat:0 qps:0]Reward: -100.0 Score: -100.0 Done: True
Error in my_thread_global_end(): 48 threads didn't exit
2018-05-08 23:30:03[INFO] [ddpg] Action: [ 0.49979565  0.50107169  0.51172996  0.490385    0.50851375  0.50094444
  0.50572634  0.50811511  0.50437754  0.50137269  0.50257373  0.49454153
  0.51019144  0.5060764   0.50247091  0.49634597]
2018-05-08 23:30:40[INFO] [ddpg][Episode: 3][Step: 0][Metric tps:0 lat:0 qps:0]Reward: -100.0 Score: -100.0 Done: True
2018-05-08 23:32:01[INFO] [ddpg] Action: [ 0.49397534  0.49655738  0.4930684   0.50225824  0.50304377  0.50550169
  0.50695634  0.49691895  0.50782734  0.50310183  0.50758147  0.50241363
  0.5082463   0.50369716  0.49870202  0.50047547]
2018-05-08 23:32:39[INFO] [ddpg][Episode: 4][Step: 0][Metric tps:0 lat:0 qps:0]Reward: -100.0 Score: -100.0 Done: True
2018-05-08 23:34:00[INFO] [ddpg] Action: [ 0.50255203  0.50011951  0.50524473  0.50016963  0.4968209   0.50185627
  0.50385243  0.49908453  0.49709079  0.48587245  0.50023437  0.4897202
  0.48843065  0.503411    0.4953478   0.4916161 ]
2018-05-08 23:34:37[INFO] [ddpg][Episode: 5][Step: 0][Metric tps:0 lat:0 qps:0]Reward: -100.0 Score: -100.0 Done: True
2018-05-08 23:35:59[INFO] [ddpg] Action: [ 0.50232476  0.48380262  0.49333829  0.50865489  0.50297755  0.49673215
  0.49178454  0.49676633  0.49697819  0.49181291  0.49938408  0.50388676
  0.4963361   0.50330466  0.50422597  0.49973455]
2018-05-08 23:36:37[INFO] [ddpg][Episode: 6][Step: 0][Metric tps:0 lat:0 qps:0]Reward: -100.0 Score: -100.0 Done: True
2018-05-08 23:37:57[INFO] [ddpg] Action: [ 0.50444925  0.49823326  0.51115865  0.49895951  0.50117224  0.49794537
  0.50142914  0.49434248  0.49663311  0.49846643  0.49291593  0.49749774
  0.49597606  0.49284175  0.50640464  0.49330726]
2018-05-08 23:38:35[INFO] [ddpg][Episode: 7][Step: 0][Metric tps:0 lat:0 qps:0]Reward: -100.0 Score: -100.0 Done: True
Error in my_thread_global_end(): 48 threads didn't exit
2018-05-08 23:40:35[INFO] [ddpg] Action: [ 0.50569272  0.49750647  0.50172722  0.49617961  0.49709415  0.50717145
  0.50079161  0.49572578  0.49202061  0.50456756  0.51096725  0.49614504
  0.50494128  0.50311625  0.50657761  0.49868324]
2018-05-08 23:41:13[INFO] [ddpg][Episode: 8][Step: 0][Metric tps:0 lat:0 qps:0]Reward: -100.0 Score: -100.0 Done: True
2018-05-08 23:42:34[INFO] [ddpg] Action: [ 0.49197358  0.49401653  0.50421405  0.4937869   0.497421    0.50397354
  0.51004648  0.49305552  0.49413636  0.50001317  0.49826321  0.49589059
  0.50036371  0.50750852  0.49760234  0.51456696]
2018-05-08 23:43:11[INFO] [ddpg][Episode: 9][Step: 0][Metric tps:0 lat:0 qps:0]Reward: -100.0 Score: -100.0 Done: True
2018-05-08 23:44:32[INFO] [ddpg] Action: [ 0.49079683  0.49927068  0.50823313  0.50422734  0.49995893  0.49908003
  0.4839218   0.49278933  0.50708377  0.49765134  0.50698298  0.50369835
  0.49780992  0.49572435  0.49758935  0.50720197]
2018-05-08 23:45:09[INFO] [ddpg][Episode: 10][Step: 0][Metric tps:0 lat:0 qps:0]Reward: -100.0 Score: -100.0 Done: True
Error in my_thread_global_end(): 43 threads didn't exit
Error in my_thread_global_end(): 48 threads didn't exit
2018-05-08 23:52:02[INFO] [ddpg] Action: [ 0.50051844  0.48976713  0.5010801   0.49878511  0.49871004  0.49190867
  0.49673715  0.48161277  0.49742553  0.51052403  0.4969061   0.49334294
  0.49803743  0.50492638  0.49542189  0.49337572]
2018-05-08 23:52:40[INFO] [ddpg][Episode: 0][Step: 0][Metric tps:0 lat:0 qps:0]Reward: -100.0 Score: -100.0 Done: True
2018-05-08 23:54:01[INFO] [ddpg] Action: [ 0.48444015  0.49883211  0.51091349  0.49655116  0.50163096  0.49100405
  0.50904471  0.49678239  0.50482649  0.4988887   0.49947485  0.50618881
  0.49643525  0.49503303  0.50077218  0.49950239]
2018-05-08 23:54:39[INFO] [ddpg][Episode: 1][Step: 0][Metric tps:0 lat:0 qps:0]Reward: -100.0 Score: -100.0 Done: True
Error in my_thread_global_end(): 48 threads didn't exit
2018-05-08 23:56:39[INFO] [ddpg] Action: [ 0.49550667  0.49743286  0.50533831  0.50901693  0.5040825   0.49744853
  0.4911868   0.50625366  0.51358509  0.49102476  0.50081348  0.50473285
  0.49241722  0.50205582  0.49934605  0.49677733]
2018-05-08 23:57:17[INFO] [ddpg][Episode: 2][Step: 0][Metric tps:0 lat:0 qps:0]Reward: -100.0 Score: -100.0 Done: True
2018-05-08 23:58:39[INFO] [ddpg] Action: [ 0.50355697  0.50046009  0.49797228  0.5030238   0.48960638  0.50239891
  0.50583947  0.50037742  0.49504578  0.48933414  0.48834258  0.48889801
  0.4911018   0.50607896  0.50955886  0.5057323 ]
2018-05-08 23:59:16[INFO] [ddpg][Episode: 3][Step: 0][Metric tps:0 lat:0 qps:0]Reward: -100.0 Score: -100.0 Done: True
2018-05-09 00:00:37[INFO] [ddpg] Action: [ 0.49876079  0.49354205  0.50331157  0.4983474   0.50299799  0.50589287
  0.50199097  0.50826883  0.49532792  0.50283206  0.51139599  0.49297705
  0.50638801  0.50630754  0.50417489  0.49991381]
2018-05-09 00:01:14[INFO] [ddpg][Episode: 4][Step: 0][Metric tps:0 lat:0 qps:0]Reward: -100.0 Score: -100.0 Done: True
2018-05-09 00:02:35[INFO] [ddpg] Action: [ 0.5067926   0.50273418  0.50496233  0.49923229  0.50293612  0.49381027
  0.49006996  0.50260824  0.50142747  0.5069561   0.49792179  0.50399327
  0.50792575  0.48550355  0.50840646  0.50372583]
2018-05-09 00:03:12[INFO] [ddpg][Episode: 5][Step: 0][Metric tps:0 lat:0 qps:0]Reward: -100.0 Score: -100.0 Done: True
Error in my_thread_global_end(): 48 threads didn't exit
2018-05-09 00:05:15[INFO] [ddpg] Action: [ 0.50292653  0.49922973  0.50331783  0.49854288  0.488552    0.48836109
  0.49463904  0.50416499  0.50644541  0.50188786  0.50554484  0.49539858
  0.49906155  0.50329679  0.49726063  0.50812221]
2018-05-09 00:05:52[INFO] [ddpg][Episode: 6][Step: 0][Metric tps:0 lat:0 qps:0]Reward: -100.0 Score: -100.0 Done: True
2018-05-09 00:07:14[INFO] [ddpg] Action: [ 0.50864071  0.49286804  0.50126922  0.50182921  0.50772625  0.49181229
  0.50465506  0.49964774  0.49301821  0.49949673  0.50464082  0.50937372
  0.51167119  0.50125217  0.50470448  0.50271964]
2018-05-09 00:07:51[INFO] [ddpg][Episode: 7][Step: 0][Metric tps:0 lat:0 qps:0]Reward: -100.0 Score: -100.0 Done: True
2018-05-09 00:09:13[INFO] [ddpg] Action: [ 0.5055995   0.51246887  0.50098473  0.4987869   0.50061291  0.49627355
  0.49638873  0.49604318  0.50794059  0.50374979  0.49829495  0.49660841
  0.49951148  0.50136191  0.50805813  0.49885949]
2018-05-09 00:09:50[INFO] [ddpg][Episode: 8][Step: 0][Metric tps:0 lat:0 qps:0]Reward: -100.0 Score: -100.0 Done: True
2018-05-09 00:11:11[INFO] [ddpg] Action: [ 0.49855554  0.49323991  0.51291442  0.50310147  0.51282251  0.50801963
  0.50110579  0.49668792  0.50040543  0.49664053  0.4981803   0.49644089
  0.48455989  0.49818167  0.49761829  0.49034491]
2018-05-09 00:11:49[INFO] [ddpg][Episode: 9][Step: 0][Metric tps:0 lat:0 qps:0]Reward: -100.0 Score: -100.0 Done: True
Error in my_thread_global_end(): 48 threads didn't exit
2018-05-09 00:13:49[INFO] [ddpg] Action: [ 0.49664074  0.50282174  0.49593261  0.50088853  0.49598733  0.5051083
  0.50454193  0.5033412   0.50006741  0.50109845  0.50488853  0.50394326
  0.50096416  0.49626115  0.51003301  0.49749079]
2018-05-09 00:14:27[INFO] [ddpg][Episode: 10][Step: 0][Metric tps:0 lat:0 qps:0]Reward: -100.0 Score: -100.0 Done: True
Error in my_thread_global_end(): 48 threads didn't exit
2018-05-09 00:16:27[INFO] [ddpg] Action: [ 0.48995811  0.50276768  0.50908667  0.49953434  0.49327382  0.50594419
  0.50052416  0.50793087  0.50558472  0.49600899  0.50529033  0.51063889
  0.48867655  0.50259376  0.49820647  0.51231158]
2018-05-09 00:17:05[INFO] [ddpg][Episode: 11][Step: 0][Metric tps:0 lat:0 qps:0]Reward: -100.0 Score: -100.0 Done: True
2018-05-09 00:18:27[INFO] [ddpg] Action: [ 0.50581658  0.50107276  0.49970251  0.48826122  0.49775872  0.50294775
  0.50221866  0.50441813  0.49705309  0.48913452  0.50049764  0.49170676
  0.50085628  0.50701582  0.50550807  0.51043421]
2018-05-09 00:19:06[INFO] [ddpg][Episode: 12][Step: 0][Metric tps:0 lat:0 qps:0]Reward: -100.0 Score: -100.0 Done: True
2018-05-09 00:20:27[INFO] [ddpg] Action: [ 0.5019961   0.50024557  0.49224818  0.50732988  0.4864001   0.49972919
  0.49655598  0.49921802  0.50987202  0.50165552  0.49124271  0.50770605
  0.49713877  0.49955371  0.49114549  0.50276577]
2018-05-09 00:21:05[INFO] [ddpg][Episode: 13][Step: 0][Metric tps:0 lat:0 qps:0]Reward: -100.0 Score: -100.0 Done: True
Error in my_thread_global_end(): 48 threads didn't exit
2018-05-09 00:23:05[INFO] [ddpg] Action: [ 0.50587785  0.5003435   0.48449442  0.50268853  0.50592852  0.49802539
  0.50135237  0.51019931  0.49337289  0.50273627  0.50136632  0.4971031
  0.48963323  0.50339204  0.48777959  0.50639474]
2018-05-09 00:23:43[INFO] [ddpg][Episode: 14][Step: 0][Metric tps:0 lat:0 qps:0]Reward: -100.0 Score: -100.0 Done: True
2018-05-09 00:25:04[INFO] [ddpg] Action: [ 0.49668768  0.50021797  0.49212015  0.51044297  0.50708312  0.50334495
  0.50448322  0.5045045   0.51436222  0.49912915  0.50028229  0.50760794
  0.48948878  0.49851531  0.50708908  0.49629626]
2018-05-09 00:25:41[INFO] [ddpg][Episode: 15][Step: 0][Metric tps:0 lat:0 qps:0]Reward: -100.0 Score: -100.0 Done: True
Error in my_thread_global_end(): 48 threads didn't exit
2018-05-09 00:27:42[INFO] [ddpg] Action: [ 0.49569049  0.50308526  0.49295458  0.50947011  0.49822605  0.50628018
  0.49863747  0.50460696  0.51090664  0.49584192  0.49050438  0.49777925
  0.50723201  0.49831223  0.49396557  0.50223672]
2018-05-09 00:28:19[INFO] [ddpg][Episode: 16][Step: 0][Metric tps:0 lat:0 qps:0]Reward: -100.0 Score: -100.0 Done: True
2018-05-09 00:28:19[INFO] [ddpg][Episode: 16][Step: 0] Critic: 9998.88232422 Actor: 0.00257706479169
Error in my_thread_global_end(): 48 threads didn't exit
2018-05-09 00:30:20[INFO] [ddpg] Action: [ 0.4969717   0.4925032   0.50446963  0.50073886  0.50970644  0.50633883
  0.50300699  0.4984116   0.49629092  0.50081855  0.49365813  0.50077134
  0.49748009  0.50438881  0.50607622  0.49656633]
2018-05-09 00:30:57[INFO] [ddpg][Episode: 17][Step: 0][Metric tps:0 lat:0 qps:0]Reward: -100.0 Score: -100.0 Done: True
2018-05-09 00:30:57[INFO] [ddpg][Episode: 17][Step: 0] Critic: 9998.85351562 Actor: 0.0028317256365
2018-05-09 00:32:19[INFO] [ddpg] Action: [ 0.49518704  0.50176501  0.50354457  0.49723622  0.49834332  0.49886373
  0.50589842  0.49553624  0.50042045  0.49999583  0.48890793  0.49518815
  0.49928421  0.49979576  0.4937444   0.4981451 ]
2018-05-09 00:32:56[INFO] [ddpg][Episode: 18][Step: 0][Metric tps:0 lat:0 qps:0]Reward: -100.0 Score: -100.0 Done: True
2018-05-09 00:32:56[INFO] [ddpg][Episode: 18][Step: 0] Critic: 9998.82421875 Actor: 0.00307344416312
Error in my_thread_global_end(): 48 threads didn't exit
2018-05-09 00:34:58[INFO] [ddpg] Action: [ 0.49789816  0.49394053  0.50353265  0.4929226   0.49082887  0.50960016
  0.49551043  0.50053787  0.49700102  0.49818593  0.49547243  0.49025717
  0.50189519  0.49898118  0.50008845  0.50098193]
2018-05-09 00:36:02[INFO] [ddpg][Episode: 19][Step: 0][Metric tps:0 lat:0 qps:0]Reward: -100.0 Score: -100.0 Done: True
2018-05-09 00:36:02[INFO] [ddpg][Episode: 19][Step: 0] Critic: 9998.79455566 Actor: 0.00331550868577
Error in my_thread_global_end(): 48 threads didn't exit
Machine Memory: 32124 MiB
Finish Initializing Networks
DDPG Initialzed!
Set Failed
[Env initialized][Metric tps: 3624.49 lat: 20.104 qps: 57991.0513333]
Set Failed
[Env initialized][Metric tps: 3619.91411765 lat: 19.8364705882 qps: 57918.7358824]
Set Failed
Set Failed
[Env initialized][Metric tps: 3651.17933333 lat: 20.174 qps: 58418.694]
Set Failed
[Env initialized][Metric tps: 3667.97705882 lat: 19.4805882353 qps: 58686.6317647]
Set Failed
[Env initialized][Metric tps: 3678.27235294 lat: 20.0023529412 qps: 58852.5647059]
Set Failed
[Env initialized][Metric tps: 3651.28647059 lat: 20.3482352941 qps: 58421.0647059]
Set Failed
Set Failed
[Env initialized][Metric tps: 3592.3775 lat: 20.414375 qps: 57477.836875]
Set Failed
[Env initialized][Metric tps: 3591.41882353 lat: 19.2758823529 qps: 57461.8235294]
Set Failed
[Env initialized][Metric tps: 3667.65882353 lat: 23.0794117647 qps: 58681.6623529]
Set Failed
[Env initialized][Metric tps: 3589.22 lat: 17.8764705882 qps: 57427.7811765]
Set Failed
Set Failed
[Env initialized][Metric tps: 3662.61125 lat: 19.915 qps: 58601.7625]
Set Failed
Set Failed
[Env initialized][Metric tps: 3572.17 lat: 20.858125 qps: 57155.699375]
Set Failed
[Env initialized][Metric tps: 3640.13352941 lat: 19.6482352941 qps: 58242.2011765]
Set Failed
[Env initialized][Metric tps: 3574.86352941 lat: 18.3576470588 qps: 57197.6423529]
Set Failed
Set Failed
[Env initialized][Metric tps: 3459.038125 lat: 20.325 qps: 55344.715]
Set Failed
[Env initialized][Metric tps: 3582.49176471 lat: 19.3970588235 qps: 57320.3011765]
Set Failed
Set Failed
[Env initialized][Metric tps: 3603.815 lat: 20.6475 qps: 57662.698125]
Set Failed
Set Failed
[Env initialized][Metric tps: 3579.224375 lat: 20.764375 qps: 57266.676875]
Set Failed
[Env initialized][Metric tps: 3687.36882353 lat: 19.4382352941 qps: 58997.7241176]
Set Failed
Set Failed
[Env initialized][Metric tps: 3463.9525 lat: 19.55875 qps: 55422.51]
Set Failed
Set Failed
Traceback (most recent call last):
  File "train.py", line 113, in <module>
    current_state = env.initialize()
  File "../environment/mysql.py", line 264, in initialize
    external_metrics, internal_metrics = self._get_state()
  File "../environment/mysql.py", line 180, in _get_state
    external_metrics = self._get_external_metrics(filename)
  File "../environment/mysql.py", line 70, in _get_external_metrics
    result = parse_sysbench_new(path)
  File "../environment/mysql.py", line 65, in parse_sysbench_new
    tps /= num_samples
ZeroDivisionError: integer division or modulo by zero
