2018-04-24 12:45:12[INFO] [ddpg] Action: [ 0.61916244  0.52449894  0.24851717  1.          0.83077085  0.37496135
  0.95881253  0.40079045  0.41298628  1.          0.67656016  0.52856994
  0.5895046   0.33053687  0.10146294  0.27737531]
2018-04-24 12:48:50[INFO] [ddpg][Episode: 0][Step: 0] Reward: 0.705318412987 Score: 0.705318412987 Done: False
2018-04-24 12:48:50[INFO] [ddpg][Episode: 0][Step: 1] Critic: 3.47438800335 Actor: 0.0750105530024
2018-04-24 12:48:50[INFO] [ddpg] Action: [ 0.02        0.70584607  0.38440326  0.87585586  0.66005129  0.32203671
  0.59653872  0.54680663  0.57024384  0.74604356  0.54120398  0.58402604
  0.77732855  0.32498798  0.18222111  0.1840104 ]
2018-04-24 12:51:42[INFO] [ddpg][Episode: 0][Step: 1] Reward: 0.312261104004 Score: 1.01757951699 Done: False
2018-04-24 12:51:43[INFO] [ddpg][Episode: 0][Step: 2] Critic: 5.96751898527 Actor: 0.0760903786868
2018-04-24 12:51:43[INFO] [ddpg] Action: [ 0.46783602  0.56947672  0.28066337  1.          0.72564131  0.06156792
  0.5646565   0.5035674   0.51699543  0.69629383  0.24748564  0.25351059
  0.8690058   0.42967057  0.38872555  0.16194226]
2018-04-24 12:54:30[INFO] [ddpg][Episode: 0][Step: 2] Reward: 0.174201567523 Score: 1.19178108451 Done: False
2018-04-24 12:54:30[INFO] [ddpg][Episode: 0][Step: 3] Critic: 5.65076283614 Actor: 0.0768582709134
2018-04-24 12:54:30[INFO] [ddpg] Action: [ 0.28773424  0.5679481   0.48905826  1.          0.52622712  0.02
  0.2571649   0.5893178   0.6412487   0.76502377  0.30060703  0.15098795
  0.90285307  0.38431504  0.63315678  0.02      ]
2018-04-24 12:57:08[INFO] [ddpg][Episode: 0][Step: 3] Reward: 0.344997678807 Score: 1.53677876332 Done: False
2018-04-24 12:57:08[INFO] [ddpg][Episode: 0][Step: 4] Critic: 5.47880551219 Actor: 0.0784555021673
2018-04-24 12:57:08[INFO] [ddpg] Action: [ 0.39641616  0.41484013  0.3671082   0.82467908  0.60731071  0.03337425
  0.28429228  0.67626822  0.81370592  0.59691972  0.35238352  0.19984095
  0.69017214  0.37925977  0.71587902  0.02      ]
2018-04-24 12:59:16[INFO] [ddpg][Episode: 0][Step: 4] Reward: -0.110430184171 Score: 1.42634857915 Done: False
2018-04-24 12:59:16[INFO] [ddpg][Episode: 0][Step: 5] Critic: 5.7643705368 Actor: 0.0825757749379
2018-04-24 12:59:16[INFO] [ddpg] Action: [ 0.53768611  0.25156856  0.30511194  0.42999083  0.62905306  0.02240887
  0.60854703  0.61166304  0.65662307  0.79080552  0.55705696  0.18289918
  0.7101447   0.39946729  0.39468485  0.05418967]
2018-04-24 13:02:03[INFO] [ddpg][Episode: 0][Step: 5] Reward: 0.343580372903 Score: 1.76992895205 Done: False
2018-04-24 13:02:04[INFO] [ddpg][Episode: 0][Step: 6] Critic: 5.62431379159 Actor: 0.0905543677509
2018-04-24 13:02:04[INFO] [ddpg] Action: [ 0.30091512  0.16204888  0.3102918   0.74443209  0.78510469  0.04177588
  0.57302552  0.76622784  0.60154068  0.82409406  0.45784721  0.0612473
  0.50785238  0.02        0.48293209  0.2744408 ]
2018-04-24 13:04:46[INFO] [ddpg][Episode: 0][Step: 6] Reward: -0.331752685302 Score: 1.43817626675 Done: False
2018-04-24 13:04:46[INFO] [ddpg][Episode: 0][Step: 7] Critic: 5.70355282511 Actor: 0.102487485324
2018-04-24 13:04:46[INFO] [ddpg] Action: [ 0.27676111  0.15980963  0.16340429  0.8688519   0.83755845  0.47991866
  0.39914793  0.53071606  0.64333194  0.7606594   0.47666344  0.50393343
  0.69591612  0.02        0.52884322  0.02      ]
2018-04-24 13:07:08[INFO] [ddpg][Episode: 0][Step: 7] Reward: 0.210177232127 Score: 1.64835349888 Done: False
2018-04-24 13:07:08[INFO] [ddpg][Episode: 0][Step: 8] Critic: 5.67074370012 Actor: 0.118040807545
2018-04-24 13:07:08[INFO] [ddpg] Action: [ 0.45708987  0.16013777  0.03903997  0.81752431  0.92226076  0.38676861
  0.18018885  0.45401338  0.50199002  0.79459947  0.52654254  0.5087781   1.
  0.02        0.62103426  0.1995521 ]
2018-04-24 13:09:01[INFO] [ddpg][Episode: 0][Step: 8] Reward: 0.0529815754197 Score: 1.7013350743 Done: False
2018-04-24 13:09:01[INFO] [ddpg][Episode: 0][Step: 9] Critic: 5.84129380849 Actor: 0.144108202722
2018-04-24 13:09:01[INFO] [ddpg] Action: [ 0.28905722  0.02        0.20651728  0.80047107  0.85571134  0.35277411
  0.44737017  0.69071728  0.4222666   0.88137466  0.64464152  0.8316524
  0.91726458  0.15399547  0.74652213  0.1978614 ]
2018-04-24 13:11:28[INFO] [ddpg][Episode: 0][Step: 9] Reward: 0.0140462812463 Score: 1.71538135554 Done: False
2018-04-24 13:11:29[INFO] [ddpg][Episode: 0][Step: 10] Critic: 5.97697794139 Actor: 0.191004779935
2018-04-24 13:11:29[INFO] [ddpg] Action: [ 0.1562016   0.02        0.42134485  0.75123334  0.67444855  0.37692603
  0.67676693  0.69604129  0.45766628  0.8207137   0.55278599  0.7615121
  0.79375106  0.39152303  0.56833965  0.1958046 ]
2018-04-24 13:14:31[INFO] [ddpg][Episode: 0][Step: 10] Reward: 0.253155913121 Score: 1.96853726866 Done: False
2018-04-24 13:14:31[INFO] [ddpg][Episode: 0][Step: 11] Critic: 5.91334654797 Actor: 0.248757944866
2018-04-24 13:14:31[INFO] [ddpg] Action: [ 0.12048361  0.02        0.42410579  0.44375852  0.42836696  0.48136723
  0.51990384  0.73114419  0.42395467  0.59890908  0.60132408  0.60209459
  0.81640863  0.37527147  0.76263827  0.30919006]
2018-04-24 13:17:13[INFO] [ddpg][Episode: 0][Step: 11] Reward: 0.0539251517211 Score: 2.02246242039 Done: False
2018-04-24 13:17:14[INFO] [ddpg][Episode: 0][Step: 12] Critic: 5.86608904352 Actor: 0.299118233224
2018-04-24 13:17:14[INFO] [ddpg] Action: [ 0.21433561  0.02        0.45648107  0.32277703  0.37674987  0.29213244
  0.69226146  0.71957672  0.38150558  0.77524048  0.67274398  0.5182882
  0.62842119  0.54709762  0.75666308  0.49807408]
2018-04-24 13:20:15[INFO] [ddpg][Episode: 0][Step: 12] Reward: -0.0388590570437 Score: 1.98360336334 Done: False
2018-04-24 13:20:16[INFO] [ddpg][Episode: 0][Step: 13] Critic: 5.94352219426 Actor: 0.326419509374
2018-04-24 13:20:16[INFO] [ddpg] Action: [ 0.18432283  0.02        0.26557428  0.06537874  0.17139339  0.24687882
  0.73959702  0.79158217  0.47734916  0.55088311  0.67146742  0.78411114
  0.51356113  0.43176764  0.65510005  0.21399824]
2018-04-24 13:23:22[INFO] [ddpg][Episode: 0][Step: 13] Reward: 0.0821693300275 Score: 2.06577269337 Done: False
2018-04-24 13:23:23[INFO] [ddpg][Episode: 0][Step: 14] Critic: 5.8951745012 Actor: 0.337649269828
2018-04-24 13:23:23[INFO] [ddpg] Action: [ 0.18147902  0.06684162  0.45867649  0.14876592  0.24109711  0.11845779
  0.71643424  0.83236915  0.86728638  0.44128075  0.57454735  0.80042732
  0.55603611  0.64288384  0.57272732  0.279385  ]
2018-04-24 13:26:29[INFO] [ddpg][Episode: 0][Step: 14] Reward: 0.114206538329 Score: 2.1799792317 Done: False
2018-04-24 13:26:30[INFO] [ddpg][Episode: 0][Step: 15] Critic: 8.34697889288 Actor: 0.34431408445
2018-04-24 13:26:30[INFO] [ddpg] Action: [ 0.28296193  0.25629619  0.53095829  0.33279282  0.02        0.31431782
  0.84993041  0.87864113  0.80298227  0.73474622  0.77850753  0.65697497
  0.63000292  0.70157015  0.5538345   0.21974701]
2018-04-24 13:29:56[INFO] [ddpg][Episode: 0][Step: 15] Reward: -0.341829067845 Score: 1.83815016385 Done: False
2018-04-24 13:29:56[INFO] [ddpg][Episode: 0][Step: 16] Critic: 8.07114001177 Actor: 0.356298262253
2018-04-24 13:29:56[INFO] [ddpg] Action: [ 0.25329489  0.29519451  0.56413347  0.36755243  0.19250354  0.44589794
  0.74563849  1.          0.69618827  0.7144537   0.81387836  1.
  0.23554911  0.58510858  0.40000191  0.27417374]
2018-04-24 13:33:08[INFO] [ddpg][Episode: 0][Step: 16] Reward: -0.881569089046 Score: 0.956581074807 Done: False
2018-04-24 13:33:08[INFO] [ddpg][Episode: 0][Step: 17] Critic: 10.3772160218 Actor: 0.379991529619
2018-04-24 13:33:08[INFO] [ddpg] Action: [ 0.25677601  0.30290091  0.7200371   0.53367686  0.32788372  0.42870873
  0.7758128   1.          0.4051241   0.62702024  0.8509742   1.
  0.21871123  0.66058809  0.48575523  0.23920168]
2018-04-24 13:36:38[INFO] [ddpg][Episode: 0][Step: 17] Reward: -10.0 Score: -10.0 Done: True
2018-04-24 13:36:38[INFO] [ddpg][Episode: 0][Step: 18] Critic: 10.1916826748 Actor: 0.418526144491
2018-04-24 13:38:16[INFO] [ddpg] Action: [ 0.68727928  0.46299008  0.40939894  0.62617129  0.32805067  0.39943117
  0.75842279  0.62930614  0.43910617  0.3048546   0.18999083  0.58176625
  0.76850271  0.31846517  0.54380286  0.7207638 ]
2018-04-24 13:41:33[INFO] [ddpg][Episode: 1][Step: 0] Reward: 0.0935803306154 Score: 0.0935803306154 Done: False
2018-04-24 13:41:33[INFO] [ddpg][Episode: 1][Step: 1] Critic: 9.9119534665 Actor: 0.471082315633
2018-04-24 13:41:33[INFO] [ddpg] Action: [ 0.58701181  0.54628295  0.51463073  0.49644041  0.49574226  0.31628814
  0.85328948  0.57584602  0.51444787  0.5242961   0.19114466  0.57342654
  0.91027141  0.52609128  0.70094293  0.74102205]
2018-04-24 13:45:01[INFO] [ddpg][Episode: 1][Step: 1] Reward: -0.161514519298 Score: -0.0679341886831 Done: False
2018-04-24 13:45:02[INFO] [ddpg][Episode: 1][Step: 2] Critic: 9.72092708796 Actor: 0.529694969952
2018-04-24 13:45:02[INFO] [ddpg] Action: [ 0.61389321  0.74264222  0.71739781  0.40997541  0.38115662  0.38659868
  0.6250158   0.35546151  0.56483138  0.40891457  0.03087729  0.31978449
  0.71497005  0.65027416  0.89072937  0.50798839]
2018-04-24 13:48:05[INFO] [ddpg][Episode: 1][Step: 2] Reward: 0.179239004548 Score: 0.111304815865 Done: False
2018-04-24 13:48:05[INFO] [ddpg][Episode: 1][Step: 3] Critic: 9.59145566821 Actor: 0.581321692183
2018-04-24 13:48:05[INFO] [ddpg] Action: [ 0.64643902  0.69292915  0.79466212  0.62762958  0.42185822  0.2473627
  0.73816073  0.48734301  0.67931902  0.42783043  0.35625449  0.42509487
  0.47300097  0.51918882  0.70330399  0.33724052]
2018-04-24 13:51:23[INFO] [ddpg][Episode: 1][Step: 3] Reward: -0.206589059491 Score: -0.0952842436258 Done: False
2018-04-24 13:51:24[INFO] [ddpg][Episode: 1][Step: 4] Critic: 9.42567974735 Actor: 0.619970363649
2018-04-24 13:51:24[INFO] [ddpg] Action: [ 0.69419479  0.85045868  0.72415096  0.70584011  0.41855267  0.35015255
  0.66029704  0.29748264  0.51879466  0.25625637  0.18904051  0.62515539
  0.39152998  0.69562912  0.69913507  0.40478235]
2018-04-24 13:54:32[INFO] [ddpg][Episode: 1][Step: 4] Reward: -10.0 Score: -10.0 Done: True
2018-04-24 13:54:33[INFO] [ddpg][Episode: 1][Step: 5] Critic: 9.31386125476 Actor: 0.647060548482
2018-04-24 13:56:12[INFO] [ddpg] Action: [ 0.50065547  0.50735629  0.39325139  0.36199209  0.64086401  0.46843383
  0.57418454  0.23485179  0.46003291  0.47723317  0.36974448  0.36401677
  0.58896452  0.64054596  0.49088186  0.42638716]
2018-04-24 13:59:05[INFO] [ddpg][Episode: 2][Step: 0] Reward: 0.0820231779594 Score: 0.0820231779594 Done: False
2018-04-24 13:59:05[INFO] [ddpg][Episode: 2][Step: 1] Critic: 9.12682891761 Actor: 0.668347816914
2018-04-24 13:59:05[INFO] [ddpg] Action: [ 0.46073329  0.33782187  0.36522987  0.31891832  0.56336772  0.36426967
  0.51611382  0.48959586  0.55055809  0.56776369  0.51328647  0.37988153
  0.60051155  0.7291981   0.75000012  0.46895832]
2018-04-24 14:01:47[INFO] [ddpg][Episode: 2][Step: 1] Reward: 0.07800725335 Score: 0.160030431309 Done: False
2018-04-24 14:01:48[INFO] [ddpg][Episode: 2][Step: 2] Critic: 8.97215862155 Actor: 0.683423992395
2018-04-24 14:01:48[INFO] [ddpg] Action: [ 0.46693268  0.24520609  0.43994412  0.20199604  0.62653303  0.49169111
  0.5172106   0.69764882  0.38132128  0.47759175  0.45873055  0.52544236
  0.88584274  0.64974493  0.69079232  0.47456217]
2018-04-24 14:04:31[INFO] [ddpg][Episode: 2][Step: 2] Reward: 0.211437826612 Score: 0.371468257921 Done: False
2018-04-24 14:04:31[INFO] [ddpg][Episode: 2][Step: 3] Critic: 8.88069851467 Actor: 0.694184616208
2018-04-24 14:04:31[INFO] [ddpg] Action: [ 0.58718389  0.30404335  0.55604452  0.14623863  0.55822432  0.33208811
  0.59593999  0.56677705  0.39995292  0.4698424   0.44212729  0.34390607
  0.82981497  0.72593784  0.60162276  0.90641338]
2018-04-24 14:07:23[INFO] [ddpg][Episode: 2][Step: 3] Reward: 0.108317940677 Score: 0.479786198598 Done: False
2018-04-24 14:07:23[INFO] [ddpg][Episode: 2][Step: 4] Critic: 8.79522135412 Actor: 0.707942765068
2018-04-24 14:07:23[INFO] [ddpg] Action: [ 0.44836417  0.38631397  0.5813489   0.33011737  0.56859517  0.39122096
  0.44155392  0.44511372  0.3598817   0.78108233  0.36785614  0.57683599
  0.6829744   0.47987589  0.33011651  0.81707597]
2018-04-24 14:09:56[INFO] [ddpg][Episode: 2][Step: 4] Reward: 0.293203294408 Score: 0.772989493005 Done: False
2018-04-24 14:09:56[INFO] [ddpg][Episode: 2][Step: 5] Critic: 10.0018407862 Actor: 0.716319648283
2018-04-24 14:09:56[INFO] [ddpg] Action: [ 0.47157335  0.52643883  0.79325813  0.57444006  0.27606171  0.28936359
  0.05966708  0.35876432  0.44518739  0.62143046  0.57993394  0.59903973
  0.58086079  0.35464934  0.46271181  0.59678262]
2018-04-24 14:11:33[INFO] [ddpg][Episode: 2][Step: 5] Reward: 0.416871596369 Score: 1.18986108937 Done: False
2018-04-24 14:11:33[INFO] [ddpg][Episode: 2][Step: 6] Critic: 9.81273216112 Actor: 0.70853381681
2018-04-24 14:11:33[INFO] [ddpg] Action: [ 0.65212965  0.55875289  0.687392    0.62593389  0.31384519  0.2639263
  0.02        0.29913682  0.21612979  0.69724667  0.70362663  0.60840678
  0.5667792   0.32950118  0.33027613  0.71161157]
2018-04-24 14:13:01[INFO] [ddpg][Episode: 2][Step: 6] Reward: 0.356960819699 Score: 1.54682190907 Done: False
2018-04-24 14:13:01[INFO] [ddpg][Episode: 2][Step: 7] Critic: 9.68258773386 Actor: 0.68645490609
2018-04-24 14:13:02[INFO] [ddpg] Action: [ 0.52690434  0.5105598   0.90632129  0.57306826  0.37899688  0.10091935
  0.02        0.21793762  0.438077    0.49086773  0.83988869  0.74018776
  0.60877496  0.40947562  0.44442925  0.64395595]
2018-04-24 14:14:30[INFO] [ddpg][Episode: 2][Step: 7] Reward: 0.471278017171 Score: 2.01809992624 Done: False
2018-04-24 14:14:30[INFO] [ddpg][Episode: 2][Step: 8] Critic: 9.5863352889 Actor: 0.658395938598
2018-04-24 14:14:30[INFO] [ddpg] Action: [ 0.55257541  0.46263435  0.86015356  0.41286889  0.14306171  0.02        0.02
  0.24045625  0.44474438  0.59525841  0.83034128  0.77291936  0.69653577
  0.19916476  0.64142412  0.89994442]
2018-04-24 14:16:02[INFO] [ddpg][Episode: 2][Step: 8] Reward: 0.497463365149 Score: 2.51556329139 Done: False
2018-04-24 14:16:03[INFO] [ddpg][Episode: 2][Step: 9] Critic: 10.6549839666 Actor: 0.62677038207
2018-04-24 14:16:03[INFO] [ddpg] Action: [ 0.61590862  0.4723357   1.          0.02732269  0.29615846  0.15415035
  0.13594848  0.26433963  0.38340285  0.74971199  0.90671891  0.55025977
  0.88204408  0.31703401  0.64223033  0.99174947]
2018-04-24 14:17:50[INFO] [ddpg][Episode: 2][Step: 9] Reward: 0.842028363876 Score: 3.35759165527 Done: False
2018-04-24 14:17:50[INFO] [ddpg][Episode: 2][Step: 10] Critic: 10.4895437242 Actor: 0.593602685561
2018-04-24 14:17:50[INFO] [ddpg] Action: [ 0.55153257  0.45082608  0.60228258  0.04561906  0.39420363  0.08331122
  0.46705312  0.16258243  0.4080182   0.59926707  0.84351957  0.56969601
  0.65456516  0.29882893  0.74601358  0.6890499 ]
2018-04-24 14:20:22[INFO] [ddpg][Episode: 2][Step: 10] Reward: 0.431753986361 Score: 3.78934564163 Done: False
2018-04-24 14:20:22[INFO] [ddpg][Episode: 2][Step: 11] Critic: 10.3388185966 Actor: 0.562582551796
2018-04-24 14:20:22[INFO] [ddpg] Action: [ 0.44685334  0.5251779   0.47589046  0.16526115  0.19594251  0.25042254
  0.71403295  0.23983732  0.28018829  0.74050522  0.82336044  0.62416726
  0.57702845  0.4500019   0.52092808  0.39232278]
2018-04-24 14:23:34[INFO] [ddpg][Episode: 2][Step: 11] Reward: 0.358623950487 Score: 4.14796959212 Done: False
2018-04-24 14:23:34[INFO] [ddpg][Episode: 2][Step: 12] Critic: 10.2056203272 Actor: 0.535667802413
2018-04-24 14:23:34[INFO] [ddpg] Action: [ 0.40982354  0.47754639  0.37333426  0.26163396  0.18083364  0.41299567
  0.80048311  0.13840887  0.39591736  0.78167975  0.65886801  0.60993236
  0.48107883  0.43867743  0.4562287   0.5137946 ]
2018-04-24 14:27:01[INFO] [ddpg][Episode: 2][Step: 12] Reward: 0.370996418176 Score: 4.51896601029 Done: False
2018-04-24 14:27:02[INFO] [ddpg][Episode: 2][Step: 13] Critic: 11.0403839789 Actor: 0.510905103363
2018-04-24 14:27:02[INFO] [ddpg] Action: [ 0.53037941  0.54406416  0.32472068  0.08981981  0.21207003  0.74302739
  0.65908879  0.0561588   0.37761226  0.64411747  0.82819033  0.78050447
  0.43263474  0.48721483  0.30625892  0.4007085 ]
2018-04-24 14:30:09[INFO] [ddpg][Episode: 2][Step: 13] Reward: 0.465566197967 Score: 4.98453220826 Done: False
2018-04-24 14:30:09[INFO] [ddpg][Episode: 2][Step: 14] Critic: 10.8957061679 Actor: 0.483101835745
2018-04-24 14:30:09[INFO] [ddpg] Action: [ 0.50447965  0.60832107  0.46063268  0.25725833  0.23863205  0.81226707
  0.59959602  0.22571418  0.47781125  0.58033299  0.81603271  0.61926287
  0.06139055  0.41382167  0.27724233  0.55824012]
2018-04-24 14:33:10[INFO] [ddpg][Episode: 2][Step: 14] Reward: 0.216432761378 Score: 5.20096496964 Done: False
2018-04-24 14:33:11[INFO] [ddpg][Episode: 2][Step: 15] Critic: 10.746382278 Actor: 0.455066024295
2018-04-24 14:33:11[INFO] [ddpg] Action: [ 0.65311497  0.54109579  0.61377448  0.24232347  0.26979584  0.64438176
  0.57335037  0.23496731  0.76057374  0.74515092  0.49398196  0.48764977
  0.03217885  0.28206569  0.44879493  0.5444392 ]
2018-04-24 14:36:07[INFO] [ddpg][Episode: 2][Step: 15] Reward: 0.111038087445 Score: 5.31200305708 Done: False
2018-04-24 14:36:08[INFO] [ddpg][Episode: 2][Step: 16] Critic: 10.6013804315 Actor: 0.431415770889
2018-04-24 14:36:08[INFO] [ddpg] Action: [ 0.64570516  0.76097542  0.80704081  0.53816557  0.09132718  0.56997365
  0.54543501  0.34068194  0.57304889  0.6512053   0.72775829  0.54000634
  0.3074981   0.21358193  0.51607251  0.48610041]
2018-04-24 14:39:11[INFO] [ddpg][Episode: 2][Step: 16] Reward: -10.0 Score: -10.0 Done: True
2018-04-24 14:39:11[INFO] [ddpg][Episode: 2][Step: 17] Critic: 10.4990238644 Actor: 0.413603450934
2018-04-24 14:40:51[INFO] [ddpg] Action: [ 0.44538885  0.54519129  0.66896838  0.45301768  0.48368865  0.58767712
  0.51768321  0.37578431  0.61909473  0.6632058   0.23568746  0.33182457
  0.38545349  0.5256092   0.60434216  0.56296557]
2018-04-24 14:43:39[INFO] [ddpg][Episode: 3][Step: 0] Reward: 0.0852864536783 Score: 0.0852864536783 Done: False
2018-04-24 14:43:39[INFO] [ddpg][Episode: 3][Step: 1] Critic: 10.3506883041 Actor: 0.399085789754
2018-04-24 14:43:39[INFO] [ddpg] Action: [ 0.54674065  0.55791438  0.83641702  0.70295686  0.61336851  0.69384164
  0.65110248  0.46762455  0.56560278  0.68565917  0.5195204   0.42561829
  0.44670635  0.62000495  0.57223004  0.42644963]
2018-04-24 14:46:57[INFO] [ddpg][Episode: 3][Step: 1] Reward: -0.305608717801 Score: -0.220322264122 Done: False
2018-04-24 14:46:57[INFO] [ddpg][Episode: 3][Step: 2] Critic: 10.2515926794 Actor: 0.386012867819
2018-04-24 14:46:57[INFO] [ddpg] Action: [ 0.53445512  0.38798237  0.86782312  0.68358427  0.44769046  0.73593682
  0.47179234  0.31418514  0.59897095  0.81072491  0.46510488  0.61440235
  0.71346897  0.64206696  0.50718963  0.40959215]
2018-04-24 14:49:46[INFO] [ddpg][Episode: 3][Step: 2] Reward: -0.0122013343566 Score: -0.232523598479 Done: False
2018-04-24 14:49:46[INFO] [ddpg][Episode: 3][Step: 3] Critic: 10.1705912081 Actor: 0.372813969867
2018-04-24 14:49:46[INFO] [ddpg] Action: [ 0.39628741  0.52683842  0.699655    0.70774394  0.43393552  0.42977592
  0.41401637  0.36400345  0.7404598   0.67750216  0.43698585  0.57321179
  0.74602234  0.5158447   0.56290734  0.35495535]
2018-04-24 14:52:19[INFO] [ddpg][Episode: 3][Step: 3] Reward: 0.123724090965 Score: -0.108799507514 Done: False
2018-04-24 14:52:20[INFO] [ddpg][Episode: 3][Step: 4] Critic: 10.0734593035 Actor: 0.35881101003
2018-04-24 14:52:20[INFO] [ddpg] Action: [ 0.16266841  0.59714901  0.65377444  0.69449604  0.46961376  0.66859984
  0.51971287  0.28145927  0.79243886  0.68315029  0.56361723  0.51524258
  0.96134627  0.24279276  0.48929253  0.53974807]
2018-04-24 14:55:08[INFO] [ddpg][Episode: 3][Step: 4] Reward: 0.11427847571 Score: 0.00547896819652 Done: False
2018-04-24 14:55:08[INFO] [ddpg][Episode: 3][Step: 5] Critic: 9.96699416969 Actor: 0.349635571712
2018-04-24 14:55:08[INFO] [ddpg] Action: [ 0.38656718  0.57254481  0.78740972  0.60245699  0.45695889  0.52933073
  0.64631766  0.32736999  0.61367232  0.78462476  0.64375466  0.56953031
  0.76076925  0.12201328  0.4874835   0.23624001]
2018-04-24 14:58:21[INFO] [ddpg][Episode: 3][Step: 5] Reward: -0.230297303773 Score: -0.224818335577 Done: False
2018-04-24 14:58:21[INFO] [ddpg][Episode: 3][Step: 6] Critic: 9.87603254487 Actor: 0.337246945507
2018-04-24 14:58:21[INFO] [ddpg] Action: [ 0.2912868   0.58733726  0.89492595  0.57334322  0.50889605  0.54179382
  0.73317361  0.36176091  0.738208    0.69704348  0.40708831  0.43731046
  0.85552639  0.4153679   0.52658629  0.33149904]
2018-04-24 15:01:50[INFO] [ddpg][Episode: 3][Step: 6] Reward: -10.0 Score: -10.0 Done: True
2018-04-24 15:01:50[INFO] [ddpg][Episode: 3][Step: 7] Critic: 9.77034039764 Actor: 0.320920020476
2018-04-24 15:03:30[INFO] [ddpg] Action: [ 0.43822533  0.57377398  0.50202411  0.39174214  0.44158792  0.53984195
  0.65892243  0.55035537  0.33823371  0.37931827  0.60602677  0.51580387
  0.32625163  0.51744419  0.40700117  0.6729421 ]
2018-04-24 15:06:38[INFO] [ddpg][Episode: 4][Step: 0] Reward: 0.0670156326327 Score: 0.0670156326327 Done: False
2018-04-24 15:06:38[INFO] [ddpg][Episode: 4][Step: 1] Critic: 9.62428856455 Actor: 0.304844664851
2018-04-24 15:06:38[INFO] [ddpg] Action: [ 0.53480661  0.70645934  0.56462747  0.23894545  0.47526503  0.55913687
  0.56623691  0.39084288  0.40796494  0.21664223  0.69617361  0.49265137
  0.34301916  0.55641419  0.52945018  0.65143311]
2018-04-24 15:09:36[INFO] [ddpg][Episode: 4][Step: 1] Reward: 0.177516662967 Score: 0.2445322956 Done: False
2018-04-24 15:09:36[INFO] [ddpg][Episode: 4][Step: 2] Critic: 9.53221177629 Actor: 0.291134817692
2018-04-24 15:09:36[INFO] [ddpg] Action: [ 0.5098663   0.63506866  0.71649897  0.42675772  0.43418804  0.2896187
  0.67663717  0.32868877  0.25439623  0.19959271  0.55515087  0.57857138
  0.48700383  0.57746947  0.54713601  0.70392382]
2018-04-24 15:12:49[INFO] [ddpg][Episode: 4][Step: 2] Reward: -0.307682702338 Score: -0.0631504067381 Done: False
2018-04-24 15:12:49[INFO] [ddpg][Episode: 4][Step: 3] Critic: 9.43748807251 Actor: 0.282352730907
2018-04-24 15:12:49[INFO] [ddpg] Action: [ 0.43303201  0.34004629  0.78903544  0.70216238  0.56938845  0.12447995
  0.67955875  0.50416905  0.23909059  0.31921497  0.44780725  0.56903726
  0.76121879  0.62435299  0.51439494  0.71121091]
2018-04-24 15:16:02[INFO] [ddpg][Episode: 4][Step: 3] Reward: 0.00793809636277 Score: -0.0552123103754 Done: False
2018-04-24 15:16:02[INFO] [ddpg][Episode: 4][Step: 4] Critic: 9.34195387188 Actor: 0.276963827451
2018-04-24 15:16:02[INFO] [ddpg] Action: [ 0.65893531  0.15784015  0.78279752  0.98198724  0.44516751  0.02
  0.55424225  0.59775269  0.42274836  0.38215402  0.18204252  0.8324635
  0.7787894   0.48393846  0.52104414  0.80953127]
2018-04-24 15:20:10[INFO] [ddpg][Episode: 4][Step: 4] Reward: -0.354260009816 Score: -0.409472320191 Done: False
2018-04-24 15:20:11[INFO] [ddpg][Episode: 4][Step: 5] Critic: 9.2624865501 Actor: 0.274117703706
2018-04-24 15:20:11[INFO] [ddpg] Action: [ 0.65507132  0.16943091  0.75528121  0.94661111  0.65265942  0.11297008
  0.62401348  0.94817454  0.44267222  0.52814859  0.22385609  0.83532906
  0.94986749  0.26761472  0.77230895  1.        ]
2018-04-24 15:23:14[INFO] [ddpg][Episode: 4][Step: 5] Reward: 0.0995982945737 Score: -0.309874025618 Done: False
2018-04-24 15:23:14[INFO] [ddpg][Episode: 4][Step: 6] Critic: 9.18992699823 Actor: 0.274317427147
2018-04-24 15:23:14[INFO] [ddpg] Action: [ 0.87571108  0.34308368  1.          0.98110372  0.66836983  0.07952541
  0.41002351  0.96610022  0.61302865  0.71081418  0.62303913  0.82356888
  1.          0.31253618  0.86287594  1.        ]
2018-04-24 15:25:52[INFO] [ddpg][Episode: 4][Step: 6] Reward: -0.174376480059 Score: -0.484250505676 Done: False
2018-04-24 15:25:53[INFO] [ddpg][Episode: 4][Step: 7] Critic: 9.09488235193 Actor: 0.277002533635
2018-04-24 15:25:53[INFO] [ddpg] Action: [ 0.58896822  0.45067602  1.          1.          0.58118439  0.22865346
  0.42464992  0.8663739   0.56730288  0.55584931  0.64831805  0.55195236
  0.98196685  0.3463999   0.65908176  1.        ]
2018-04-24 15:28:41[INFO] [ddpg][Episode: 4][Step: 7] Reward: 0.0889944289545 Score: -0.395256076722 Done: False
2018-04-24 15:28:41[INFO] [ddpg][Episode: 4][Step: 8] Critic: 9.74792643948 Actor: 0.279179157533
2018-04-24 15:28:41[INFO] [ddpg] Action: [ 0.43167412  0.47033691  1.          1.          0.52767295  0.22026323
  0.30728775  0.92004073  0.52686602  0.48711458  0.6872226   0.1176124
  0.83476704  0.16353963  0.64209414  0.64034724]
2018-04-24 15:31:11[INFO] [ddpg][Episode: 4][Step: 8] Reward: -0.0712066958441 Score: -0.466462772566 Done: False
2018-04-24 15:31:11[INFO] [ddpg][Episode: 4][Step: 9] Critic: 9.69873915453 Actor: 0.279592127751
2018-04-24 15:31:11[INFO] [ddpg] Action: [ 0.29210851  0.62584436  1.          0.94811189  0.40343902  0.15962467
  0.4840619   0.9612695   0.55969262  0.46727356  0.69549286  0.02
  0.88896519  0.11765341  0.59011585  0.67678964]
2018-04-24 15:34:10[INFO] [ddpg][Episode: 4][Step: 9] Reward: 0.070752527944 Score: -0.395710244622 Done: False
2018-04-24 15:34:11[INFO] [ddpg][Episode: 4][Step: 10] Critic: 10.2495275427 Actor: 0.277556411738
2018-04-24 15:34:11[INFO] [ddpg] Action: [ 0.37405625  0.64940906  0.94864172  1.          0.4091697   0.10676341
  0.14813614  0.90188134  0.49722344  0.41650081  0.52353352  0.18508458
  0.62281543  0.15259808  0.60611731  0.53544867]
2018-04-24 15:36:20[INFO] [ddpg][Episode: 4][Step: 10] Reward: -0.091206791995 Score: -0.486917036617 Done: False
2018-04-24 15:36:20[INFO] [ddpg][Episode: 4][Step: 11] Critic: 10.172048783 Actor: 0.275446541812
2018-04-24 15:36:20[INFO] [ddpg] Action: [ 0.33426115  0.6839909   0.77894431  0.87171739  0.59474254  0.13999979
  0.23207274  0.82225144  0.39861077  0.39899579  0.57438421  0.25523147
  0.35429993  0.33016101  0.47846055  0.31581381]
2018-04-24 15:38:29[INFO] [ddpg][Episode: 4][Step: 11] Reward: 0.0694654460736 Score: -0.417451590543 Done: False
2018-04-24 15:38:29[INFO] [ddpg][Episode: 4][Step: 12] Critic: 10.0989874788 Actor: 0.278715082851
2018-04-24 15:38:29[INFO] [ddpg] Action: [ 0.35302833  0.71632761  0.55086231  0.79595059  0.59950066  0.17258815
  0.40030137  1.          0.3481454   0.4523133   0.59301788  0.10300142
  0.19068666  0.30671579  0.59326822  0.02      ]
2018-04-24 15:40:57[INFO] [ddpg][Episode: 4][Step: 12] Reward: 0.126683054673 Score: -0.290768535871 Done: False
2018-04-24 15:40:58[INFO] [ddpg][Episode: 4][Step: 13] Critic: 10.0318092113 Actor: 0.282276983757
2018-04-24 15:40:58[INFO] [ddpg] Action: [ 0.27316988  0.62761128  0.57684022  0.68798763  0.6986683   0.11920902
  0.41404426  0.80127394  0.46949607  0.53909868  0.45346141  0.38995981
  0.33862957  0.49553218  0.33950651  0.02      ]
2018-04-24 15:43:31[INFO] [ddpg][Episode: 4][Step: 13] Reward: 0.136422487814 Score: -0.154346048056 Done: False
2018-04-24 15:43:32[INFO] [ddpg][Episode: 4][Step: 14] Critic: 9.94189098673 Actor: 0.280565874876
2018-04-24 15:43:32[INFO] [ddpg] Action: [ 0.44228765  0.40971312  0.57896787  0.59307873  0.59261286  0.13368739
  0.47480136  0.73908252  0.39555529  0.31909102  0.4259693   0.40891805
  0.4572295   0.45880792  0.18807223  0.05919854]
2018-04-24 15:46:14[INFO] [ddpg][Episode: 4][Step: 14] Reward: 0.222331376586 Score: 0.0679853285293 Done: False
2018-04-24 15:46:14[INFO] [ddpg][Episode: 4][Step: 15] Critic: 9.87940535286 Actor: 0.277416377249
2018-04-24 15:46:14[INFO] [ddpg] Action: [ 0.3785764   0.42327967  0.5287565   0.55745381  0.38513732  0.10159162
  0.5785625   0.67871106  0.58520979  0.44119444  0.61955196  0.36418277
  0.39597166  0.54171425  0.22695296  0.1059443 ]
2018-04-24 15:49:12[INFO] [ddpg][Episode: 4][Step: 15] Reward: 0.244618528515 Score: 0.312603857045 Done: False
2018-04-24 15:49:12[INFO] [ddpg][Episode: 4][Step: 16] Critic: 9.79365401088 Actor: 0.273863514157
2018-04-24 15:49:12[INFO] [ddpg] Action: [ 0.32483369  0.42046478  0.41326359  0.36517829  0.354168    0.02
  0.49549621  0.95083565  0.42532939  0.52661461  0.67808735  0.3039259
  0.38328934  0.55417758  0.08783121  0.11153167]
2018-04-24 15:53:10[INFO] [ddpg][Episode: 4][Step: 16] Reward: 0.179227277386 Score: 0.491831134431 Done: False
2018-04-24 15:53:10[INFO] [ddpg][Episode: 4][Step: 17] Critic: 9.72017119871 Actor: 0.271630463201
2018-04-24 15:53:10[INFO] [ddpg] Action: [ 0.31971794  0.58407217  0.59597731  0.34679738  0.37994608  0.02
  0.49510974  0.71729499  0.47970846  0.49948603  0.49180633  0.38709202
  0.32654074  0.73185241  0.12737469  0.14514007]
2018-04-24 15:57:18[INFO] [ddpg][Episode: 4][Step: 17] Reward: -10.0 Score: -10.0 Done: True
2018-04-24 15:57:18[INFO] [ddpg][Episode: 4][Step: 18] Critic: 9.62054631939 Actor: 0.270672971479
2018-04-24 15:58:56[INFO] [ddpg] Action: [ 0.6732676   0.58825397  0.2358927   0.5692746   0.70165676  0.60709405
  0.548522    0.41521391  0.64675033  0.40083954  0.4661026   0.60377812
  0.35269046  0.5853923   0.61286235  0.44424918]
2018-04-24 16:01:54[INFO] [ddpg][Episode: 5][Step: 0] Reward: 0.2163260843 Score: 0.2163260843 Done: False
2018-04-24 16:01:54[INFO] [ddpg][Episode: 5][Step: 1] Critic: 9.5307254001 Actor: 0.270310113838
2018-04-24 16:01:54[INFO] [ddpg] Action: [ 0.69139886  0.61886013  0.1340708   0.57172626  0.78477603  0.49718228
  0.53988707  0.30084184  0.52932882  0.51604146  0.39254537  0.56382698
  0.27134305  0.69629383  0.79309052  0.26889613]
2018-04-24 16:04:52[INFO] [ddpg][Episode: 5][Step: 1] Reward: 0.224791103464 Score: 0.441117187764 Done: False
2018-04-24 16:04:52[INFO] [ddpg][Episode: 5][Step: 2] Critic: 9.45940047992 Actor: 0.270531798709
2018-04-24 16:04:52[INFO] [ddpg] Action: [ 0.57874775  0.62898153  0.22581074  0.48183453  0.60656136  0.64668441
  0.65820378  0.30384883  0.77127498  0.53228134  0.59697396  0.55326766
  0.14514306  0.73367822  0.64083397  0.20051797]
2018-04-24 16:08:09[INFO] [ddpg][Episode: 5][Step: 2] Reward: 0.359776440519 Score: 0.800893628283 Done: False
2018-04-24 16:08:10[INFO] [ddpg][Episode: 5][Step: 3] Critic: 9.36378253251 Actor: 0.271010127805
2018-04-24 16:08:10[INFO] [ddpg] Action: [ 0.43252358  0.48849544  0.06457955  0.51037663  0.54656577  0.58965439
  0.4982467   0.11598638  0.67876935  0.53971124  0.36983535  0.56178087
  0.27949306  0.64321655  0.85939372  0.29864377]
2018-04-24 16:10:57[INFO] [ddpg][Episode: 5][Step: 3] Reward: 0.427127613682 Score: 1.22802124196 Done: False
2018-04-24 16:10:58[INFO] [ddpg][Episode: 5][Step: 4] Critic: 9.28467419916 Actor: 0.271486362048
2018-04-24 16:10:58[INFO] [ddpg] Action: [ 0.50081551  0.26201904  0.17052993  0.36565486  0.68402398  0.71292669
  0.59909308  0.16614187  0.5485599   0.60500342  0.49580836  0.67171276
  0.3302854   0.71989816  1.          0.30053255]
2018-04-24 16:14:05[INFO] [ddpg][Episode: 5][Step: 4] Reward: 0.41243447652 Score: 1.64045571848 Done: False
2018-04-24 16:14:06[INFO] [ddpg][Episode: 5][Step: 5] Critic: 9.194844707 Actor: 0.271954536235
2018-04-24 16:14:06[INFO] [ddpg] Action: [ 0.60225052  0.24490678  0.20478298  0.38356617  0.63261884  0.50363022
  0.61634076  0.19756213  0.42404336  0.73938221  0.48740652  0.66369742
  0.29744166  0.67480302  0.92105442  0.24105151]
2018-04-24 16:17:12[INFO] [ddpg][Episode: 5][Step: 5] Reward: 0.569667722944 Score: 2.21012344143 Done: False
2018-04-24 16:17:13[INFO] [ddpg][Episode: 5][Step: 6] Critic: 9.11521246526 Actor: 0.271850784175
2018-04-24 16:17:13[INFO] [ddpg] Action: [ 0.37669885  0.22011894  0.39895523  0.24740994  0.61462677  0.64011586
  0.6379894   0.2938903   0.6175915   0.63689762  0.48853707  0.65060437
  0.34866214  0.51841825  0.73181462  0.29412207]
2018-04-24 16:20:20[INFO] [ddpg][Episode: 5][Step: 6] Reward: 0.539783701138 Score: 2.74990714257 Done: False
2018-04-24 16:20:21[INFO] [ddpg][Episode: 5][Step: 7] Critic: 9.03614727118 Actor: 0.271633602585
2018-04-24 16:20:21[INFO] [ddpg] Action: [ 0.3505224   0.35539913  0.60124147  0.21900487  0.46666366  0.68773997
  0.80207747  0.43921316  0.57056445  0.67183465  0.37320876  0.64087045
  0.34101993  0.64723623  0.5895865   0.37722394]
2018-04-24 16:23:38[INFO] [ddpg][Episode: 5][Step: 7] Reward: 0.189521290762 Score: 2.93942843333 Done: False
2018-04-24 16:23:38[INFO] [ddpg][Episode: 5][Step: 8] Critic: 9.48550473623 Actor: 0.27162285446
2018-04-24 16:23:38[INFO] [ddpg] Action: [ 0.56474012  0.46763614  0.61040533  0.35602948  0.57095277  0.82527202
  0.70221955  0.53587866  0.43142834  0.83266926  0.4403089   0.71317673
  0.32418865  0.51043117  0.69819361  0.38194403]
2018-04-24 16:26:45[INFO] [ddpg][Episode: 5][Step: 8] Reward: -0.244835238959 Score: 2.69459319437 Done: False
2018-04-24 16:26:46[INFO] [ddpg][Episode: 5][Step: 9] Critic: 9.43864331495 Actor: 0.271829630988
2018-04-24 16:26:46[INFO] [ddpg] Action: [ 0.37275371  0.54690599  0.4695034   0.63474596  0.47511977  0.77268094
  0.620395    0.46062511  0.4378534   0.75279218  0.35019553  0.71085113
  0.19868791  0.54132921  0.57231981  0.40361187]
2018-04-24 16:29:43[INFO] [ddpg][Episode: 5][Step: 9] Reward: 0.416403049921 Score: 3.11099624429 Done: False
2018-04-24 16:29:44[INFO] [ddpg][Episode: 5][Step: 10] Critic: 9.37698229909 Actor: 0.271889484037
2018-04-24 16:29:44[INFO] [ddpg] Action: [ 0.4026145   0.6478039   0.8112793   0.69230026  0.58164293  0.54810184
  0.63440722  0.44203806  0.40011704  0.70332026  0.29939333  0.50679934
  0.22095102  0.5346545   0.58270329  0.39189166]
2018-04-24 16:32:52[INFO] [ddpg][Episode: 5][Step: 10] Reward: -10.0 Score: -10.0 Done: True
2018-04-24 16:32:52[INFO] [ddpg][Episode: 5][Step: 11] Critic: 9.30102838615 Actor: 0.271797545558
2018-04-24 16:34:30[INFO] [ddpg] Action: [ 0.64635432  0.49585277  0.41578099  0.59435821  0.52800834  0.52785194
  0.59932482  0.56204844  0.55142242  0.49670199  0.48690426  0.63812566
  0.43470857  0.45117053  0.56107354  0.53566951]
2018-04-24 16:37:18[INFO] [ddpg][Episode: 6][Step: 0] Reward: 0.1410860871 Score: 0.1410860871 Done: False
2018-04-24 16:37:19[INFO] [ddpg][Episode: 6][Step: 1] Critic: 9.21677967751 Actor: 0.271392706646
2018-04-24 16:37:19[INFO] [ddpg] Action: [ 0.66072541  0.35174042  0.19335642  0.8600738   0.76552689  0.58351278
  0.65427339  0.76305312  0.55253649  0.41447532  0.49205849  0.72515047
  0.49998093  0.45885739  0.48509628  0.37210992]
2018-04-24 16:40:16[INFO] [ddpg][Episode: 6][Step: 1] Reward: 0.32530136208 Score: 0.46638744918 Done: False
2018-04-24 16:40:17[INFO] [ddpg][Episode: 6][Step: 2] Critic: 9.14177070329 Actor: 0.270857153326
2018-04-24 16:40:17[INFO] [ddpg] Action: [ 0.74564195  0.4841527   0.36456519  0.99647915  0.70183945  0.67333663
  0.67427015  0.62727815  0.68695343  0.19328195  0.64143139  0.67319185
  0.56361651  0.56482875  0.41328359  0.26007196]
2018-04-24 16:43:20[INFO] [ddpg][Episode: 6][Step: 2] Reward: 0.470982800075 Score: 0.937370249255 Done: False
2018-04-24 16:43:20[INFO] [ddpg][Episode: 6][Step: 3] Critic: 9.0891705476 Actor: 0.270131206691
2018-04-24 16:43:20[INFO] [ddpg] Action: [ 0.79255706  0.5085538   0.39124766  0.95653719  0.54330188  0.69317669
  0.65343451  0.66629845  0.81119353  0.26359093  0.70207304  0.68716317
  0.62644798  0.62994635  0.43123388  0.16892952]
2018-04-24 16:46:23[INFO] [ddpg][Episode: 6][Step: 3] Reward: 0.334208942394 Score: 1.27157919165 Done: False
2018-04-24 16:46:23[INFO] [ddpg][Episode: 6][Step: 4] Critic: 9.0291960787 Actor: 0.269755763849
2018-04-24 16:46:23[INFO] [ddpg] Action: [ 0.50859135  0.57416534  0.35121331  0.8709451   0.51278466  0.71542782
  0.55187643  0.60025203  0.74047041  0.29362264  0.60628647  0.80706286
  0.56652719  0.55422539  0.4375945   0.24756961]
2018-04-24 16:49:11[INFO] [ddpg][Episode: 6][Step: 4] Reward: 0.499702907135 Score: 1.77128209878 Done: False
2018-04-24 16:49:11[INFO] [ddpg][Episode: 6][Step: 5] Critic: 9.45122391905 Actor: 0.269340234415
2018-04-24 16:49:11[INFO] [ddpg] Action: [ 0.47288185  0.559201    0.48869231  0.90211511  0.46687847  0.60351574
  0.4975681   0.46049345  0.79594386  0.26803115  0.66427505  0.54419792
  0.64306837  0.43611646  0.52736735  0.2375093 ]
2018-04-24 16:51:49[INFO] [ddpg][Episode: 6][Step: 5] Reward: 0.614952575265 Score: 2.38623467405 Done: False
2018-04-24 16:51:50[INFO] [ddpg][Episode: 6][Step: 6] Critic: 9.38011159948 Actor: 0.268601363034
2018-04-24 16:51:50[INFO] [ddpg] Action: [ 0.40601468  0.65133971  0.38684458  0.75963956  0.57226789  0.30279958
  0.63385493  0.35850281  0.79167455  0.20564629  0.66029859  0.40501535
  0.77177101  0.36952567  0.42346659  0.30155087]
2018-04-24 16:54:42[INFO] [ddpg][Episode: 6][Step: 6] Reward: 0.661555650525 Score: 3.04779032457 Done: False
2018-04-24 16:54:43[INFO] [ddpg][Episode: 6][Step: 7] Critic: 9.30978430287 Actor: 0.26717568854
2018-04-24 16:54:43[INFO] [ddpg] Action: [ 0.59731323  0.63285381  0.24944973  1.          0.71610057  0.40568611
  0.5607577   0.54317248  0.82587981  0.4258641   0.80755246  0.84026855
  0.87969965  0.33023897  0.51624912  0.4089309 ]
2018-04-24 16:57:30[INFO] [ddpg][Episode: 6][Step: 7] Reward: 0.41963582079 Score: 3.46742614536 Done: False
2018-04-24 16:57:31[INFO] [ddpg][Episode: 6][Step: 8] Critic: 9.27989922499 Actor: 0.265949076405
2018-04-24 16:57:31[INFO] [ddpg] Action: [ 0.75969774  0.63431621  0.02        1.          0.71963334  0.38792455
  0.46912289  0.96499866  0.83179766  0.50700694  0.64000612  0.91293949
  0.93913722  0.16383117  0.5184058   0.64078587]
2018-04-24 17:00:03[INFO] [ddpg][Episode: 6][Step: 8] Reward: 0.608306349262 Score: 4.07573249463 Done: False
2018-04-24 17:00:04[INFO] [ddpg][Episode: 6][Step: 9] Critic: 9.20650461947 Actor: 0.265647268304
2018-04-24 17:00:04[INFO] [ddpg] Action: [ 0.77917254  0.67188251  0.02        1.          0.79538852  0.43810746
  0.56145591  1.          0.8410036   0.67300385  0.71297598  1.
  0.99182045  0.36385816  0.33698189  0.77280533]
2018-04-24 17:02:51[INFO] [ddpg][Episode: 6][Step: 9] Reward: 0.200607092751 Score: 4.27633958738 Done: False
2018-04-24 17:02:51[INFO] [ddpg][Episode: 6][Step: 10] Critic: 9.12382343585 Actor: 0.266137970403
2018-04-24 17:02:51[INFO] [ddpg] Action: [ 0.73811799  0.7580027   0.02        1.          0.81746852  0.3256754
  0.40946972  1.          0.6635471   0.68991941  0.8502472   0.93207848
  1.          0.3701897   0.17875087  0.73219717]
2018-04-24 17:05:13[INFO] [ddpg][Episode: 6][Step: 10] Reward: 0.302760203343 Score: 4.57909979072 Done: False
2018-04-24 17:05:14[INFO] [ddpg][Episode: 6][Step: 11] Critic: 9.4947580493 Actor: 0.267193868936
2018-04-24 17:05:14[INFO] [ddpg] Action: [ 0.58735389  0.7394315   0.02        1.          0.83753288  0.44816506
  0.40035239  1.          0.8013528   0.85332143  0.7241745   1.          1.
  0.303803    0.25096741  0.53632241]
2018-04-24 17:07:36[INFO] [ddpg][Episode: 6][Step: 11] Reward: 0.253945305123 Score: 4.83304509584 Done: False
2018-04-24 17:07:36[INFO] [ddpg][Episode: 6][Step: 12] Critic: 9.44686840847 Actor: 0.266338103289
2018-04-24 17:07:36[INFO] [ddpg] Action: [ 0.74611878  0.56736678  0.02        1.          0.92173308  0.38395658
  0.47304767  1.          0.80025285  0.78813154  0.57370704  0.95294523
  1.          0.37145126  0.2032291   0.59047276]
2018-04-24 17:10:09[INFO] [ddpg][Episode: 6][Step: 12] Reward: 0.122320176588 Score: 4.95536527243 Done: False
2018-04-24 17:10:09[INFO] [ddpg][Episode: 6][Step: 13] Critic: 9.39641230662 Actor: 0.262815715418
2018-04-24 17:10:09[INFO] [ddpg] Action: [ 0.64097029  0.55144423  0.02        1.          0.94449252  0.45466951
  0.52845353  1.          0.69455606  0.83146465  0.61356378  1.          1.
  0.28688809  0.37212062  0.61984628]
2018-04-24 17:12:52[INFO] [ddpg][Episode: 6][Step: 13] Reward: 0.175295347559 Score: 5.13066061999 Done: False
2018-04-24 17:12:52[INFO] [ddpg][Episode: 6][Step: 14] Critic: 9.3170704123 Actor: 0.258667770677
2018-04-24 17:12:52[INFO] [ddpg] Action: [ 0.67084146  0.41471317  0.02        1.          0.89971614  0.41557318
  0.64094901  1.          0.67133451  0.81524217  0.75724608  1.          1.
  0.35700461  0.07595139  0.69881815]
2018-04-24 17:15:49[INFO] [ddpg][Episode: 6][Step: 14] Reward: 0.107468812957 Score: 5.23812943295 Done: False
2018-04-24 17:15:50[INFO] [ddpg][Episode: 6][Step: 15] Critic: 9.67901177688 Actor: 0.254968242318
2018-04-24 17:15:50[INFO] [ddpg] Action: [ 0.78467798  0.64644784  0.07714465  1.          0.85426253  0.53252685
  0.74344873  1.          0.78814316  1.          0.6935606   0.95466     1.
  0.56235558  0.11892011  0.79868364]
2018-04-24 17:19:02[INFO] [ddpg][Episode: 6][Step: 15] Reward: 0.0447422197559 Score: 5.2828716527 Done: False
2018-04-24 17:19:03[INFO] [ddpg][Episode: 6][Step: 16] Critic: 9.63478957797 Actor: 0.251435231789
2018-04-24 17:19:03[INFO] [ddpg] Action: [ 0.79050207  0.69971865  0.02        1.          0.74318016  0.65716231
  0.72168148  1.          0.71840686  1.          0.60356313  0.97347564
  0.96451247  0.64047891  0.1797649   0.77687371]
2018-04-24 17:22:15[INFO] [ddpg][Episode: 6][Step: 16] Reward: 0.27899306684 Score: 5.56186471954 Done: False
2018-04-24 17:22:16[INFO] [ddpg][Episode: 6][Step: 17] Critic: 9.57979539614 Actor: 0.248363619217
2018-04-24 17:22:16[INFO] [ddpg] Action: [ 0.65688807  0.555121    0.14246002  1.          0.62668532  0.53868812
  0.77279371  1.          0.59934723  0.86441964  0.75263816  1.
  0.96731585  0.55295813  0.18302415  0.79618549]
2018-04-24 17:25:33[INFO] [ddpg][Episode: 6][Step: 17] Reward: -0.0523396021731 Score: 5.50952511737 Done: False
2018-04-24 17:25:33[INFO] [ddpg][Episode: 6][Step: 18] Critic: 9.52421602131 Actor: 0.245840914206
2018-04-24 17:25:33[INFO] [ddpg] Action: [ 0.66726863  0.60500246  0.24073502  1.          0.56422901  0.59052539
  0.66583067  1.          0.63551849  0.89599347  0.79669547  1.
  0.69116956  0.53125846  0.35884446  0.71533948]
2018-04-24 17:28:36[INFO] [ddpg][Episode: 6][Step: 18] Reward: 0.0998628673658 Score: 5.60938798474 Done: False
2018-04-24 17:28:36[INFO] [ddpg][Episode: 6][Step: 19] Critic: 9.48070137218 Actor: 0.244141945258
2018-04-24 17:28:36[INFO] [ddpg] Action: [ 0.7899605   0.52938104  0.19788678  1.          0.64370012  0.61402059
  0.58714658  0.90566051  0.8015039   0.9416129   0.72918439  1.
  0.78971279  0.37503251  0.29167104  0.64722025]
2018-04-24 17:31:29[INFO] [ddpg][Episode: 6][Step: 19] Reward: 0.0626633360109 Score: 5.67205132075 Done: False
2018-04-24 17:31:29[INFO] [ddpg][Episode: 6][Step: 20] Critic: 9.42100561255 Actor: 0.243527097953
2018-04-24 17:31:29[INFO] [ddpg] Action: [ 0.80211025  0.52262926  0.1536469   0.9783957   0.62510264  0.37055889
  0.51013273  0.96040255  0.71405774  1.          0.81116176  1.
  0.76959532  0.27757192  0.41778675  0.57254791]
2018-04-24 17:34:06[INFO] [ddpg][Episode: 6][Step: 20] Reward: 0.131892928188 Score: 5.80394424894 Done: False
2018-04-24 17:34:07[INFO] [ddpg][Episode: 6][Step: 21] Critic: 9.35986599449 Actor: 0.244017937302
2018-04-24 17:34:07[INFO] [ddpg] Action: [ 0.96022224  0.6154086   0.27905947  0.90727884  0.70550781  0.16401017
  0.51930386  0.99337512  0.79814422  1.          0.76222366  1.          0.6633305
  0.35255593  0.40790305  0.54022175]
2018-04-24 17:36:44[INFO] [ddpg][Episode: 6][Step: 21] Reward: -0.0580317677685 Score: 5.74591248117 Done: False
2018-04-24 17:36:45[INFO] [ddpg][Episode: 6][Step: 22] Critic: 9.2964056417 Actor: 0.246247526349
2018-04-24 17:36:45[INFO] [ddpg] Action: [ 0.79611427  0.58047247  0.27265608  0.93476111  0.90743113  0.12771411
  0.58508688  0.95850617  0.83756405  1.          0.67586136  1.          0.755889
  0.21779278  0.47980782  0.8116622 ]
2018-04-24 17:39:32[INFO] [ddpg][Episode: 6][Step: 22] Reward: -0.181180687019 Score: 5.56473179415 Done: False
2018-04-24 17:39:32[INFO] [ddpg][Episode: 6][Step: 23] Critic: 9.24790997246 Actor: 0.248408044543
2018-04-24 17:39:32[INFO] [ddpg] Action: [ 0.81532407  0.4736205   0.26774254  1.          0.91412032  0.20637913
  0.57113135  1.          0.79975611  1.          0.6412189   1.
  0.64185631  0.22426552  0.49679273  0.75695837]
2018-04-24 17:42:19[INFO] [ddpg][Episode: 6][Step: 23] Reward: 0.172763763223 Score: 5.73749555737 Done: False
2018-04-24 17:42:20[INFO] [ddpg][Episode: 6][Step: 24] Critic: 9.19916142017 Actor: 0.250457635089
2018-04-24 17:42:20[INFO] [ddpg] Action: [ 0.76200891  0.41285416  0.25713876  1.          0.94244671  0.18672659
  0.52938402  0.81392908  0.91508418  0.85648614  0.48955902  1.
  0.61207706  0.07883895  0.47090659  0.86691868]
2018-04-24 17:45:03[INFO] [ddpg][Episode: 6][Step: 24] Reward: -0.012928784063 Score: 5.72456677331 Done: False
2018-04-24 17:45:03[INFO] [ddpg][Episode: 6][Step: 25] Critic: 9.13167262225 Actor: 0.2517867655
2018-04-24 17:45:03[INFO] [ddpg] Action: [ 0.84115261  0.36233568  0.33187547  0.83181947  0.86840075  0.25508919
  0.63339049  0.81571358  0.83994663  0.97081888  0.5059824   1.
  0.73983419  0.17193961  0.39715496  0.7148062 ]
2018-04-24 17:47:55[INFO] [ddpg][Episode: 6][Step: 25] Reward: -0.107040564185 Score: 5.61752620912 Done: False
2018-04-24 17:47:56[INFO] [ddpg][Episode: 6][Step: 26] Critic: 9.8226714032 Actor: 0.252346866577
2018-04-24 17:47:56[INFO] [ddpg] Action: [ 0.7404902   0.39375129  0.53966177  0.69434392  0.89816558  0.20303346
  0.6792984   0.92351329  0.76453644  1.          0.67134917  1.
  0.75731176  0.17887196  0.31721207  0.61622053]
2018-04-24 17:50:58[INFO] [ddpg][Episode: 6][Step: 26] Reward: -0.617318615544 Score: 5.00020759358 Done: False
2018-04-24 17:50:58[INFO] [ddpg][Episode: 6][Step: 27] Critic: 9.76527594855 Actor: 0.251491797432
2018-04-24 17:50:58[INFO] [ddpg] Action: [ 0.71821326  0.37414676  0.60416472  0.84834617  0.77346694  0.22485672
  0.55809742  0.87605911  0.59179342  1.          0.49576482  1.
  0.73914272  0.22829896  0.07466862  0.70148355]
2018-04-24 17:53:46[INFO] [ddpg][Episode: 6][Step: 27] Reward: 0.0311411764837 Score: 5.03134877006 Done: False
2018-04-24 17:53:46[INFO] [ddpg][Episode: 6][Step: 28] Critic: 9.71731615095 Actor: 0.250033777471
2018-04-24 17:53:46[INFO] [ddpg] Action: [ 0.71574801  0.44564107  0.63095081  0.75687158  0.81607556  0.44513026
  0.35185775  0.75187624  0.70003849  1.          0.46519238  1.
  0.80811566  0.45136261  0.02        0.53501028]
2018-04-24 17:56:09[INFO] [ddpg][Episode: 6][Step: 28] Reward: 0.160530249365 Score: 5.19187901943 Done: False
2018-04-24 17:56:09[INFO] [ddpg][Episode: 6][Step: 29] Critic: 9.6866874902 Actor: 0.24748074074
2018-04-24 17:56:09[INFO] [ddpg] Action: [ 0.68158603  0.35905889  0.59513634  0.54549396  0.76964128  0.37946761
  0.21760076  0.88050705  0.98189187  1.          0.50532448  1.
  0.68308479  0.51120073  0.11928391  0.56724542]
2018-04-24 17:58:06[INFO] [ddpg][Episode: 6][Step: 29] Reward: 0.0990443226756 Score: 5.2909233421 Done: False
2018-04-24 17:58:07[INFO] [ddpg][Episode: 6][Step: 30] Critic: 9.64734900251 Actor: 0.244880428564
2018-04-24 17:59:43[INFO] [ddpg] Action: [ 0.68108678  0.429144    0.29472017  0.78663558  0.69777876  0.39467961
  0.40798149  0.83286011  0.67995137  0.69897431  0.53435302  0.89172637
  0.79439777  0.584391    0.4932245   0.69253123]
2018-04-24 18:02:10[INFO] [ddpg][Episode: 7][Step: 0] Reward: -10.0 Score: -10.0 Done: True
2018-04-24 18:02:10[INFO] [ddpg][Episode: 7][Step: 1] Critic: 9.5963829558 Actor: 0.244456739165
2018-04-24 18:03:47[INFO] [ddpg] Action: [ 0.74414569  0.50292009  0.40799856  0.97477388  0.68888843  0.49321115
  0.57814419  0.72438872  1.          0.84980071  0.44580933  0.84298283
  0.70345199  0.54745239  0.60892546  0.85818154]
2018-04-24 18:06:38[INFO] [ddpg][Episode: 8][Step: 0] Reward: 0.126551909917 Score: 0.126551909917 Done: False
2018-04-24 18:06:39[INFO] [ddpg][Episode: 8][Step: 1] Critic: 9.56047465763 Actor: 0.244523391843
2018-04-24 18:06:39[INFO] [ddpg] Action: [ 0.59749919  0.52249271  0.42238247  1.          0.73373055  0.39582375
  0.53226691  0.82866096  0.89339823  0.96348369  0.17538045  0.93256038
  0.70794159  0.61239183  0.57570881  0.80227602]
2018-04-24 18:09:21[INFO] [ddpg][Episode: 8][Step: 1] Reward: -0.0415153232455 Score: 0.0850365866716 Done: False
2018-04-24 18:09:22[INFO] [ddpg][Episode: 8][Step: 2] Critic: 9.85951203518 Actor: 0.242205782503
2018-04-24 18:09:22[INFO] [ddpg] Action: [ 0.63623345  0.59456968  0.56714016  1.          0.89208579  0.31372184
  0.51589429  0.84882021  0.6733098   0.98499322  0.1543534   0.9681372
  0.6778847   0.60072118  0.51366854  0.67838395]
2018-04-24 18:12:09[INFO] [ddpg][Episode: 8][Step: 2] Reward: -10.0 Score: -10.0 Done: True
2018-04-24 18:12:09[INFO] [ddpg][Episode: 8][Step: 3] Critic: 10.1255781263 Actor: 0.237407971792
2018-04-24 18:13:47[INFO] [ddpg] Action: [ 0.86108607  0.33055571  0.38172087  0.92564887  0.85560453  0.33433706
  0.42245436  0.76060426  0.97523218  0.8761      0.43117732  0.82325757
  0.89818501  0.4347553   0.58595175  0.81208974]
2018-04-24 18:16:13[INFO] [ddpg][Episode: 9][Step: 0] Reward: -0.157391940673 Score: -0.157391940673 Done: False
2018-04-24 18:16:14[INFO] [ddpg][Episode: 9][Step: 1] Critic: 10.3630044033 Actor: 0.231149215427
2018-04-24 18:16:14[INFO] [ddpg] Action: [ 0.94260257  0.41162619  0.32079399  0.94338483  1.          0.3083421
  0.43085396  0.71626341  0.98960489  1.          0.46016786  0.78193676
  1.          0.37871435  0.59848547  0.92293465]
2018-04-24 18:18:41[INFO] [ddpg][Episode: 9][Step: 1] Reward: -0.00784249691637 Score: -0.165234437589 Done: False
2018-04-24 18:18:42[INFO] [ddpg][Episode: 9][Step: 2] Critic: 10.3114761628 Actor: 0.224419731389
2018-04-24 18:18:42[INFO] [ddpg] Action: [ 1.          0.37623271  0.24183361  0.92796707  1.          0.27792862
  0.50750393  0.58499455  0.99771166  1.          0.45255095  1.
  0.93288434  0.4157967   0.60511398  0.91962898]
2018-04-24 18:21:19[INFO] [ddpg][Episode: 9][Step: 2] Reward: 0.221537161447 Score: 0.0563027238575 Done: False
2018-04-24 18:21:20[INFO] [ddpg][Episode: 9][Step: 3] Critic: 10.2767961049 Actor: 0.218435154428
2018-04-24 18:21:20[INFO] [ddpg] Action: [ 1.          0.09248516  0.25393665  0.88557178  1.          0.2899498
  0.35394102  0.40612572  0.8836084   1.          0.57950884  0.9492802
  0.87130737  0.41572458  0.76505548  0.9591015 ]
2018-04-24 18:23:37[INFO] [ddpg][Episode: 9][Step: 3] Reward: 0.0590451113068 Score: 0.115347835164 Done: False
2018-04-24 18:23:37[INFO] [ddpg][Episode: 9][Step: 4] Critic: 10.7369447677 Actor: 0.21205746331
2018-04-24 18:23:37[INFO] [ddpg] Action: [ 1.          0.08836596  0.29095653  0.86889219  0.96715981  0.20897028
  0.53661489  0.38958374  1.          0.99835426  0.67215276  0.77386194
  0.88576436  0.46257809  0.75385702  0.9556275 ]
2018-04-24 18:26:19[INFO] [ddpg][Episode: 9][Step: 4] Reward: -0.0184589487256 Score: 0.0968888864387 Done: False
2018-04-24 18:26:20[INFO] [ddpg][Episode: 9][Step: 5] Critic: 10.6996502091 Actor: 0.205028048166
2018-04-24 18:26:20[INFO] [ddpg] Action: [ 1.          0.18743224  0.23103482  0.91657585  0.92616761  0.06857797
  0.59607142  0.40327904  0.9862147   0.98153651  0.64157993  0.80891776
  0.79237741  0.50424945  0.71810186  1.        ]
2018-04-24 18:29:12[INFO] [ddpg][Episode: 9][Step: 5] Reward: 0.0161279981524 Score: 0.113016884591 Done: False
2018-04-24 18:29:12[INFO] [ddpg][Episode: 9][Step: 6] Critic: 10.6647132597 Actor: 0.199067669704
2018-04-24 18:29:12[INFO] [ddpg] Action: [ 0.82635903  0.08869839  0.19606428  0.88422459  0.9003039   0.10112303
  0.53020442  0.46189424  0.9760322   0.92134577  0.57334882  0.80779278
  0.87169284  0.46065187  0.70447081  0.98660767]
2018-04-24 18:31:55[INFO] [ddpg][Episode: 9][Step: 6] Reward: -0.125709842403 Score: -0.0126929578118 Done: False
2018-04-24 18:31:55[INFO] [ddpg][Episode: 9][Step: 7] Critic: 10.6305200852 Actor: 0.196631908068
2018-04-24 18:31:55[INFO] [ddpg] Action: [ 0.88074958  0.20961195  0.2180917   0.77995616  0.81187302  0.11788016
  0.49167463  0.62453157  1.          0.78772074  0.59199947  0.75223005
  0.99499345  0.36031634  0.75665593  1.        ]
2018-04-24 18:34:32[INFO] [ddpg][Episode: 9][Step: 7] Reward: 0.106555034117 Score: 0.093862076305 Done: False
2018-04-24 18:34:32[INFO] [ddpg][Episode: 9][Step: 8] Critic: 10.6024136384 Actor: 0.198859977048
2018-04-24 18:34:32[INFO] [ddpg] Action: [ 0.7510125   0.23481609  0.21241108  0.90570217  0.77841574  0.10382684
  0.5404613   0.66594732  1.          0.77589202  0.61652738  0.76140904
  1.          0.41433021  0.847054    1.        ]
2018-04-24 18:37:15[INFO] [ddpg][Episode: 9][Step: 8] Reward: -0.0239895809656 Score: 0.0698724953395 Done: False
2018-04-24 18:37:15[INFO] [ddpg][Episode: 9][Step: 9] Critic: 10.547402286 Actor: 0.205618587144
2018-04-24 18:37:15[INFO] [ddpg] Action: [ 0.71576691  0.28743339  0.19648957  0.76857078  0.90043473  0.19215237
  0.47663212  0.5867601   1.          0.78674155  0.65958083  0.81415427
  1.          0.46830046  0.64439076  1.        ]
2018-04-24 18:39:47[INFO] [ddpg][Episode: 9][Step: 9] Reward: 0.140141376223 Score: 0.210013871562 Done: False
2018-04-24 18:39:48[INFO] [ddpg][Episode: 9][Step: 10] Critic: 10.4931996542 Actor: 0.218669697923
2018-04-24 18:39:48[INFO] [ddpg] Action: [ 0.69783193  0.26874107  0.11613154  0.8092649   0.93090957  0.11557147
  0.60058659  0.57923698  1.          0.72244591  0.59535539  0.89300841
  1.          0.51635385  0.60318315  0.97482949]
2018-04-24 18:42:40[INFO] [ddpg][Episode: 9][Step: 10] Reward: 0.0268451685957 Score: 0.236859040158 Done: False
2018-04-24 18:42:40[INFO] [ddpg][Episode: 9][Step: 11] Critic: 10.4478818107 Actor: 0.228853413667
2018-04-24 18:42:40[INFO] [ddpg] Action: [ 0.67291045  0.3561497   0.20451978  0.84914488  0.86873239  0.12654004
  0.58368391  0.6202603   1.          0.88975793  0.57010657  0.92221886
  1.          0.51303649  0.65018427  0.98803061]
2018-04-24 18:45:33[INFO] [ddpg][Episode: 9][Step: 11] Reward: -0.175708098232 Score: 0.0611509419255 Done: False
2018-04-24 18:45:33[INFO] [ddpg][Episode: 9][Step: 12] Critic: 10.4038438853 Actor: 0.233872849221
2018-04-24 18:45:33[INFO] [ddpg] Action: [ 0.69175023  0.34277561  0.27705744  0.78890151  0.79258728  0.13092908
  0.55571926  0.6933198   0.90608454  0.96017796  0.47026733  1.
  0.95607454  0.48006815  0.57161266  1.        ]
2018-04-24 18:48:20[INFO] [ddpg][Episode: 9][Step: 12] Reward: 0.0336852750653 Score: 0.0948362169908 Done: False
2018-04-24 18:48:20[INFO] [ddpg][Episode: 9][Step: 13] Critic: 10.3502405366 Actor: 0.238560512572
2018-04-24 18:48:20[INFO] [ddpg] Action: [ 0.78965324  0.34076899  0.37530932  0.81186384  0.69500893  0.213623
  0.61535692  0.75050819  0.76345837  1.          0.52627009  1.
  0.87351835  0.51531154  0.410393    1.        ]
2018-04-24 18:51:17[INFO] [ddpg][Episode: 9][Step: 13] Reward: 0.138649449527 Score: 0.233485666518 Done: False
2018-04-24 18:51:18[INFO] [ddpg][Episode: 9][Step: 14] Critic: 10.2902514855 Actor: 0.240715665594
2018-04-24 18:51:18[INFO] [ddpg] Action: [ 0.82088947  0.39563772  0.37128362  0.70595104  0.90916455  0.19162792
  0.53739119  0.74722725  1.          0.86498785  0.58103174  1.
  0.93391687  0.60184842  0.29805598  1.        ]
2018-04-24 18:54:00[INFO] [ddpg][Episode: 9][Step: 14] Reward: -0.164116968399 Score: 0.0693686981193 Done: False
2018-04-24 18:54:00[INFO] [ddpg][Episode: 9][Step: 15] Critic: 10.2377904222 Actor: 0.241411987455
2018-04-24 18:54:00[INFO] [ddpg] Action: [ 0.80533171  0.29363549  0.44882333  0.65355086  0.92622477  0.1673553
  0.50675231  0.85426486  1.          0.88286108  0.595456    1.
  0.77532929  0.48119035  0.4124946   1.        ]
2018-04-24 18:56:42[INFO] [ddpg][Episode: 9][Step: 15] Reward: -0.206652151093 Score: -0.137283452974 Done: False
2018-04-24 18:56:43[INFO] [ddpg][Episode: 9][Step: 16] Critic: 10.2103516448 Actor: 0.24191574306
2018-04-24 18:56:43[INFO] [ddpg] Action: [ 0.69374865  0.14250708  0.49313679  0.73953295  0.90084833  0.12956946
  0.53435946  0.82020527  0.92988443  0.89192563  0.59359336  0.98936111
  0.84343189  0.41835886  0.29766482  0.94801682]
2018-04-24 18:59:29[INFO] [ddpg][Episode: 9][Step: 16] Reward: 0.0805237320199 Score: -0.056759720954 Done: False
2018-04-24 18:59:30[INFO] [ddpg][Episode: 9][Step: 17] Critic: 10.1613378851 Actor: 0.24235823824
2018-04-24 18:59:30[INFO] [ddpg] Action: [ 0.72672772  0.16332914  0.48696795  0.70566446  0.77768928  0.11198996
  0.4291468   0.92844319  0.91116619  0.91412789  0.42817029  0.98832947
  0.89139354  0.53198522  0.356121    0.98086786]
2018-04-24 19:01:57[INFO] [ddpg][Episode: 9][Step: 17] Reward: 0.0509174820958 Score: -0.00584223885817 Done: False
2018-04-24 19:01:57[INFO] [ddpg][Episode: 9][Step: 18] Critic: 10.1306900929 Actor: 0.242827018637
2018-04-24 19:01:57[INFO] [ddpg] Action: [ 0.77272552  0.37933323  0.66160947  0.65805715  0.7189334   0.26285622
  0.30588824  0.83545458  0.90849531  0.85342413  0.52080542  0.83850729
  0.85251927  0.49937549  0.32266071  0.97258753]
2018-04-24 19:04:09[INFO] [ddpg][Episode: 9][Step: 18] Reward: -0.452755567012 Score: -0.45859780587 Done: False
2018-04-24 19:04:10[INFO] [ddpg][Episode: 9][Step: 19] Critic: 10.0825208349 Actor: 0.243489178491
2018-04-24 19:04:10[INFO] [ddpg] Action: [ 0.87961185  0.24607533  0.62866002  0.64491761  0.58959484  0.27179164
  0.34977889  0.83496094  0.97720909  0.97319239  0.59628791  0.89553738
  0.78900868  0.39632401  0.29048416  0.99931979]
2018-04-24 19:06:26[INFO] [ddpg][Episode: 9][Step: 19] Reward: 0.118883165921 Score: -0.339714639949 Done: False
2018-04-24 19:06:27[INFO] [ddpg][Episode: 9][Step: 20] Critic: 10.0291604507 Actor: 0.244236803887
2018-04-24 19:06:27[INFO] [ddpg] Action: [ 0.8027584   0.29042619  0.6284889   0.66399223  0.54403895  0.27273971
  0.32975408  0.89858204  0.90022063  0.7540834   0.46008146  0.71798658
  0.80522382  0.52892238  0.31523409  0.8665331 ]
2018-04-24 19:08:44[INFO] [ddpg][Episode: 9][Step: 20] Reward: 0.0756004835869 Score: -0.264114156362 Done: False
2018-04-24 19:08:45[INFO] [ddpg][Episode: 9][Step: 21] Critic: 9.9876529331 Actor: 0.245000947894
2018-04-24 19:08:45[INFO] [ddpg] Action: [ 0.88771337  0.47664368  0.78815269  0.67957228  0.44409156  0.3807793
  0.48369697  0.82549757  0.97205126  0.67488402  0.4586322   0.68689483
  0.86840498  0.68593585  0.36177468  0.80163676]
2018-04-24 19:11:32[INFO] [ddpg][Episode: 9][Step: 21] Reward: -10.0 Score: -10.0 Done: True
2018-04-24 19:11:32[INFO] [ddpg][Episode: 9][Step: 22] Critic: 9.95071975729 Actor: 0.245870406233
2018-04-24 19:13:10[INFO] [ddpg] Action: [ 0.72530031  0.42833102  0.5600391   0.88195556  0.5474599   0.40105686
  0.54619718  0.86001039  0.74176413  0.75544894  0.68928945  0.67428398
  0.81007397  0.43407246  0.60290813  0.66645211]
2018-04-24 19:15:57[INFO] [ddpg][Episode: 10][Step: 0] Reward: 0.208129175454 Score: 0.208129175454 Done: False
2018-04-24 19:15:57[INFO] [ddpg][Episode: 10][Step: 1] Critic: 9.90347692908 Actor: 0.2465935929
2018-04-24 19:15:57[INFO] [ddpg] Action: [ 0.67452812  0.45906287  0.55250603  0.8958649   0.50244093  0.36316043
  0.53921258  0.9560371   0.927203    0.65000087  0.72931808  0.78865147
  0.78078163  0.3287977   0.61704129  0.61721784]
2018-04-24 19:18:45[INFO] [ddpg][Episode: 10][Step: 1] Reward: 0.196396291286 Score: 0.40452546674 Done: False
2018-04-24 19:18:45[INFO] [ddpg][Episode: 10][Step: 2] Critic: 9.8558773494 Actor: 0.247077846178
2018-04-24 19:18:45[INFO] [ddpg] Action: [ 0.82191193  0.54854405  0.61114013  0.97388476  0.52642989  0.46980879
  0.40997171  0.95438313  0.8841548   0.73334819  0.70830971  0.73416489
  0.63992465  0.28264681  0.67601115  0.63996738]
2018-04-24 19:21:17[INFO] [ddpg][Episode: 10][Step: 2] Reward: 0.115191458528 Score: 0.519716925268 Done: False
2018-04-24 19:21:18[INFO] [ddpg][Episode: 10][Step: 3] Critic: 9.80529170367 Actor: 0.247947850521
2018-04-24 19:21:18[INFO] [ddpg] Action: [ 0.8533237   0.48714447  0.54299736  1.          0.48213118  0.5071888
  0.46631655  1.          1.          0.78879744  0.68887222  0.75919384
  0.73947114  0.28672943  0.64140999  0.60469896]
2018-04-24 19:23:55[INFO] [ddpg][Episode: 10][Step: 3] Reward: -0.189835795765 Score: 0.329881129503 Done: False
2018-04-24 19:23:56[INFO] [ddpg][Episode: 10][Step: 4] Critic: 9.7732963367 Actor: 0.248811227243
2018-04-24 19:23:56[INFO] [ddpg] Action: [ 0.91138577  0.4606255   0.54512566  0.79181314  0.61175334  0.42293116
  0.41702154  0.95166045  0.99523574  0.80194998  0.78385025  0.79085326
  0.67107922  0.40952316  0.54718173  0.65190762]
2018-04-24 19:26:28[INFO] [ddpg][Episode: 10][Step: 4] Reward: 0.250587696389 Score: 0.580468825892 Done: False
2018-04-24 19:26:29[INFO] [ddpg][Episode: 10][Step: 5] Critic: 9.99380940047 Actor: 0.249819204348
2018-04-24 19:26:29[INFO] [ddpg] Action: [ 0.72337306  0.48159304  0.63113779  0.7685802   0.77198768  0.44637668
  0.39996508  0.82815307  0.99633956  0.89868182  0.72643739  0.65114743
  0.65646124  0.33518785  0.54143804  0.66523737]
2018-04-24 19:28:56[INFO] [ddpg][Episode: 10][Step: 5] Reward: -0.152561156738 Score: 0.427907669153 Done: False
2018-04-24 19:28:56[INFO] [ddpg][Episode: 10][Step: 6] Critic: 10.2193563034 Actor: 0.250444433424
2018-04-24 19:28:56[INFO] [ddpg] Action: [ 0.77349454  0.40390405  0.51367813  0.67669934  0.75809401  0.62620455
  0.43463483  0.74621445  0.95884013  0.85189736  0.6532445   0.49704039
  0.68098271  0.39610282  0.47987694  0.69669968]
2018-04-24 19:31:34[INFO] [ddpg][Episode: 10][Step: 6] Reward: -0.0295916281799 Score: 0.398316040974 Done: False
2018-04-24 19:31:34[INFO] [ddpg][Episode: 10][Step: 7] Critic: 10.189664 Actor: 0.251133753698
2018-04-24 19:31:34[INFO] [ddpg] Action: [ 0.89077991  0.34309712  0.62228483  0.70431191  0.80069065  0.68751663
  0.48601875  0.65821451  0.85953122  0.77743816  0.76826304  0.49379033
  0.59247345  0.42902106  0.50028676  0.5467425 ]
2018-04-24 19:34:16[INFO] [ddpg][Episode: 10][Step: 7] Reward: 0.258371631567 Score: 0.65668767254 Done: False
2018-04-24 19:34:17[INFO] [ddpg][Episode: 10][Step: 8] Critic: 10.1522864595 Actor: 0.251962313616
2018-04-24 19:34:17[INFO] [ddpg] Action: [ 0.81311321  0.46713084  0.5966565   0.63012898  0.91675234  0.5475049
  0.40772903  0.74736166  0.98757809  0.8616578   0.83273947  0.57630515
  0.51282233  0.47964591  0.43134016  0.51955038]
2018-04-24 19:36:49[INFO] [ddpg][Episode: 10][Step: 8] Reward: -0.223291518083 Score: 0.433396154457 Done: False
2018-04-24 19:36:49[INFO] [ddpg][Episode: 10][Step: 9] Critic: 10.1074297088 Actor: 0.253882485635
2018-04-24 19:36:49[INFO] [ddpg] Action: [ 0.83572614  0.42785493  0.55431396  0.60148346  0.83587557  0.69383299
  0.37270689  0.86531919  0.80122387  0.93238533  0.73617125  0.50212133
  0.56951302  0.35717791  0.44187933  0.53100306]
2018-04-24 19:39:16[INFO] [ddpg][Episode: 10][Step: 9] Reward: 0.0697163334869 Score: 0.503112487944 Done: False
2018-04-24 19:39:16[INFO] [ddpg][Episode: 10][Step: 10] Critic: 10.0672266565 Actor: 0.256663309779
2018-04-24 19:39:16[INFO] [ddpg] Action: [ 0.8555432   0.41534674  0.51489234  0.62146074  0.82392359  0.85052896
  0.31288108  0.89730233  0.75255907  1.          0.7144444   0.51886976
  0.80550206  0.38789085  0.52152961  0.4404625 ]
2018-04-24 19:41:33[INFO] [ddpg][Episode: 10][Step: 10] Reward: -0.041817016389 Score: 0.461295471555 Done: False
2018-04-24 19:41:33[INFO] [ddpg][Episode: 10][Step: 11] Critic: 10.0244878028 Actor: 0.259487846854
2018-04-24 19:41:33[INFO] [ddpg] Action: [ 0.85431302  0.49450126  0.47793487  0.66823429  0.73863822  0.77522486
  0.31458446  0.80458432  0.79878378  1.          0.72471613  0.48592454
  0.84063256  0.32187513  0.6045962   0.43175116]
2018-04-24 19:43:50[INFO] [ddpg][Episode: 10][Step: 11] Reward: 0.201799803234 Score: 0.663095274789 Done: False
2018-04-24 19:43:51[INFO] [ddpg][Episode: 10][Step: 12] Critic: 9.98540882828 Actor: 0.261609000595
2018-04-24 19:43:51[INFO] [ddpg] Action: [ 0.82876241  0.54644555  0.52011257  0.55805391  0.67236859  0.73439395
  0.42612627  0.76482946  0.76585639  1.          0.6949355   0.50813192
  0.96354789  0.28993389  0.47393066  0.43571073]
2018-04-24 19:46:27[INFO] [ddpg][Episode: 10][Step: 12] Reward: -0.00179022723087 Score: 0.661305047558 Done: False
2018-04-24 19:46:28[INFO] [ddpg][Episode: 10][Step: 13] Critic: 9.93905079098 Actor: 0.263351952132
2018-04-24 19:46:28[INFO] [ddpg] Action: [ 0.8519367   0.42826322  0.51817155  0.58317244  0.62853479  0.67288727
  0.3937459   0.95776606  0.6175077   1.          0.71987468  0.68250334
  0.95811188  0.42504233  0.43075997  0.35179952]
2018-04-24 19:49:00[INFO] [ddpg][Episode: 10][Step: 13] Reward: 0.0512681345098 Score: 0.712573182068 Done: False
2018-04-24 19:49:00[INFO] [ddpg][Episode: 10][Step: 14] Critic: 9.90647273745 Actor: 0.26523402836
2018-04-24 19:49:00[INFO] [ddpg] Action: [ 0.89330536  0.48435196  0.43285686  0.50339282  0.58790129  0.5967201
  0.46674088  1.          0.60609519  0.95659232  0.75556183  0.66441059
  0.89572275  0.47559139  0.49096844  0.39744264]
2018-04-24 19:51:42[INFO] [ddpg][Episode: 10][Step: 14] Reward: -0.0118009310614 Score: 0.700772251007 Done: False
2018-04-24 19:51:42[INFO] [ddpg][Episode: 10][Step: 15] Critic: 9.87935976978 Actor: 0.266511941165
2018-04-24 19:51:42[INFO] [ddpg] Action: [ 0.82231134  0.42546132  0.33651677  0.74501449  0.57937974  0.69202
  0.37935415  0.9337039   0.61270803  0.91017413  0.71717507  0.54550415
  0.91806334  0.48127642  0.52692091  0.30363685]
2018-04-24 19:54:09[INFO] [ddpg][Episode: 10][Step: 15] Reward: -0.108151463608 Score: 0.592620787399 Done: False
2018-04-24 19:54:09[INFO] [ddpg][Episode: 10][Step: 16] Critic: 9.83264949455 Actor: 0.268188440041
2018-04-24 19:54:09[INFO] [ddpg] Action: [ 0.69810659  0.43786609  0.21828514  0.72917336  0.62943804  0.62397057
  0.22543176  0.8834877   0.67962652  0.98111928  0.84081459  0.60284936
  1.          0.42628089  0.55911666  0.43607968]
2018-04-24 19:56:11[INFO] [ddpg][Episode: 10][Step: 16] Reward: 0.105783418665 Score: 0.698404206064 Done: False
2018-04-24 19:56:12[INFO] [ddpg][Episode: 10][Step: 17] Critic: 9.79016435806 Actor: 0.26978962556
2018-04-24 19:56:12[INFO] [ddpg] Action: [ 0.70043796  0.5276686   0.14224148  0.78085977  0.6360386   0.55157322
  0.18284236  0.92965329  0.6280812   1.          0.74606609  0.56608897
  1.          0.3158465   0.45135134  0.47593042]
2018-04-24 19:58:09[INFO] [ddpg][Episode: 10][Step: 17] Reward: -0.0836771931413 Score: 0.614727012923 Done: False
2018-04-24 19:58:09[INFO] [ddpg][Episode: 10][Step: 18] Critic: 9.77295075198 Actor: 0.27150913261
2018-04-24 19:58:10[INFO] [ddpg] Action: [ 0.73243624  0.44651785  0.24889866  0.69702065  0.59160191  0.53941524
  0.3812938   0.97262496  0.59610015  1.          0.62675261  0.55307549
  1.          0.40552607  0.47741675  0.50631976]
2018-04-24 20:00:37[INFO] [ddpg][Episode: 10][Step: 18] Reward: 0.0659746594771 Score: 0.6807016724 Done: False
2018-04-24 20:00:37[INFO] [ddpg][Episode: 10][Step: 19] Critic: 9.73288991613 Actor: 0.273004861291
2018-04-24 20:00:37[INFO] [ddpg] Action: [ 0.86642373  0.44226468  0.26947579  0.73231524  0.61220133  0.56359291
  0.44701561  1.          0.62026286  1.          0.47555584  0.69894505
  1.          0.45437765  0.57179755  0.50524902]
2018-04-24 20:03:14[INFO] [ddpg][Episode: 10][Step: 19] Reward: -0.0526356131673 Score: 0.628066059233 Done: False
2018-04-24 20:03:15[INFO] [ddpg][Episode: 10][Step: 20] Critic: 9.91913483037 Actor: 0.276028001216
2018-04-24 20:03:15[INFO] [ddpg] Action: [ 0.88279027  0.52930242  0.21259162  0.65924799  0.72087264  0.47762597
  0.43077767  1.          0.57899207  1.          0.46191698  0.62830001
  1.          0.55990374  0.57047868  0.57912338]
2018-04-24 20:05:46[INFO] [ddpg][Episode: 10][Step: 20] Reward: 0.0216335117217 Score: 0.649699570955 Done: False
2018-04-24 20:05:47[INFO] [ddpg][Episode: 10][Step: 21] Critic: 9.88208503369 Actor: 0.280519827349
2018-04-24 20:05:47[INFO] [ddpg] Action: [ 0.94496834  0.47570673  0.23854493  0.69562632  0.63123333  0.2762267
  0.42471406  1.          0.62053078  1.          0.49025074  0.47189125
  1.          0.421417    0.51820946  0.57032132]
2018-04-24 20:08:19[INFO] [ddpg][Episode: 10][Step: 21] Reward: 0.0154557573072 Score: 0.665155328262 Done: False
2018-04-24 20:08:19[INFO] [ddpg][Episode: 10][Step: 22] Critic: 9.83680948054 Actor: 0.286052843025
2018-04-24 20:08:19[INFO] [ddpg] Action: [ 1.          0.37316158  0.25364342  0.64268458  0.54140347  0.25519982
  0.3760148   1.          0.56250387  1.          0.36569622  0.55732304
  1.          0.35718438  0.50188631  0.58565921]
2018-04-24 20:10:41[INFO] [ddpg][Episode: 10][Step: 22] Reward: -0.0873855185221 Score: 0.57776980974 Done: False
2018-04-24 20:10:41[INFO] [ddpg][Episode: 10][Step: 23] Critic: 9.80181393181 Actor: 0.292571878266
2018-04-24 20:10:41[INFO] [ddpg] Action: [ 0.99071169  0.31455794  0.25134706  0.64445555  0.59505641  0.30582777
  0.4635756   0.92077285  0.63481897  1.          0.51832378  0.50011373
  1.          0.32702905  0.42207962  0.63081986]
2018-04-24 20:13:18[INFO] [ddpg][Episode: 10][Step: 23] Reward: 0.0713628965151 Score: 0.649132706255 Done: False
2018-04-24 20:13:18[INFO] [ddpg][Episode: 10][Step: 24] Critic: 9.76376571659 Actor: 0.297733588695
2018-04-24 20:13:18[INFO] [ddpg] Action: [ 1.          0.3373417   0.40430775  0.63613075  0.48655456  0.31677404
  0.52814847  0.83389288  0.61095202  1.          0.56681603  0.56073827
  0.93102479  0.3812668   0.47273991  0.62400192]
2018-04-24 20:16:04[INFO] [ddpg][Episode: 10][Step: 24] Reward: -0.0244885962853 Score: 0.62464410997 Done: False
2018-04-24 20:16:05[INFO] [ddpg][Episode: 10][Step: 25] Critic: 9.73264739183 Actor: 0.302291062062
2018-04-24 20:16:05[INFO] [ddpg] Action: [ 1.          0.47371843  0.46364915  0.6766876   0.53066951  0.34595507
  0.5187335   0.87386227  0.63022721  1.          0.63699377  0.61642092
  0.95280731  0.38237238  0.4595854   0.53555673]
2018-04-24 20:18:52[INFO] [ddpg][Episode: 10][Step: 25] Reward: -0.256642184531 Score: 0.368001925439 Done: False
2018-04-24 20:18:52[INFO] [ddpg][Episode: 10][Step: 26] Critic: 9.70717296287 Actor: 0.306279870742
2018-04-24 20:18:52[INFO] [ddpg] Action: [ 0.89641017  0.59628111  0.42862546  0.58174312  0.46890691  0.44346887
  0.41285849  0.79262084  0.53034467  1.          0.66522342  0.56644481
  0.74635863  0.4085626   0.53052914  0.73179764]
2018-04-24 20:21:24[INFO] [ddpg][Episode: 10][Step: 26] Reward: 0.110276092503 Score: 0.478278017942 Done: False
2018-04-24 20:21:24[INFO] [ddpg][Episode: 10][Step: 27] Critic: 9.87636533642 Actor: 0.309016279479
2018-04-24 20:21:24[INFO] [ddpg] Action: [ 0.92936403  0.53360695  0.39599285  0.57011807  0.46029353  0.43792948
  0.42735747  0.72838819  0.45751795  1.          0.65529239  0.55278802
  0.80100596  0.25410593  0.39497924  0.79021966]
2018-04-24 20:23:56[INFO] [ddpg][Episode: 10][Step: 27] Reward: 0.143546643938 Score: 0.62182466188 Done: False
2018-04-24 20:23:57[INFO] [ddpg][Episode: 10][Step: 28] Critic: 10.0382064076 Actor: 0.310656521773
2018-04-24 20:23:57[INFO] [ddpg] Action: [ 0.9536621   0.51750332  0.50205249  0.54524744  0.45673907  0.40810654
  0.4499875   0.75359005  0.46545458  0.87087405  0.7406981   0.66151053
  0.78210616  0.23435082  0.40668702  0.79384351]
2018-04-24 20:26:34[INFO] [ddpg][Episode: 10][Step: 28] Reward: -0.256112955766 Score: 0.365711706114 Done: False
2018-04-24 20:26:34[INFO] [ddpg][Episode: 10][Step: 29] Critic: 9.99998142871 Actor: 0.311327361289
2018-04-24 20:26:35[INFO] [ddpg] Action: [ 1.          0.54610348  0.51814479  0.76189446  0.60339671  0.54350907
  0.47090742  0.74319136  0.3687312   0.84796143  0.72668678  0.68248487
  0.84454519  0.22479086  0.42258367  0.77753037]
2018-04-24 20:29:17[INFO] [ddpg][Episode: 10][Step: 29] Reward: -0.331404749954 Score: 0.0343069561599 Done: False
2018-04-24 20:29:17[INFO] [ddpg][Episode: 10][Step: 30] Critic: 9.97368455393 Actor: 0.311146187126
2018-04-24 20:30:54[INFO] [ddpg] Action: [ 0.7781626   0.43537113  0.53368127  0.54920501  0.49344328  0.34907702
  0.48411644  0.77674937  0.68880212  0.82783306  0.66914076  0.57014418
  0.93880165  0.46457097  0.52367163  0.62481135]
2018-04-24 20:33:36[INFO] [ddpg][Episode: 11][Step: 0] Reward: -10.0 Score: -10.0 Done: True
2018-04-24 20:33:36[INFO] [ddpg][Episode: 11][Step: 1] Critic: 9.94692862418 Actor: 0.310247564952
2018-04-24 20:35:12[INFO] [ddpg] Action: [ 0.76220405  0.47651845  0.40250167  0.59636515  0.47520483  0.32356626
  0.48465788  0.80341613  0.75518805  0.85160857  0.75755167  0.70794016
  0.82518381  0.62793916  0.50061274  0.6257056 ]
2018-04-24 20:37:54[INFO] [ddpg][Episode: 12][Step: 0] Reward: 0.0263344047511 Score: 0.0263344047511 Done: False
2018-04-24 20:37:54[INFO] [ddpg][Episode: 12][Step: 1] Critic: 9.91423770731 Actor: 0.308700318234
2018-04-24 20:37:54[INFO] [ddpg] Action: [ 0.6920265   0.44039917  0.38773775  0.61055976  0.48347482  0.31510419
  0.46012986  0.73551369  0.79472065  0.81764019  0.74597973  0.81747544
  0.77867883  0.53090066  0.32356167  0.65241325]
2018-04-24 20:40:31[INFO] [ddpg][Episode: 12][Step: 1] Reward: 0.0430204457792 Score: 0.0693548505303 Done: False
2018-04-24 20:40:31[INFO] [ddpg][Episode: 12][Step: 2] Critic: 9.88700660232 Actor: 0.30698862528
2018-04-24 20:40:31[INFO] [ddpg] Action: [ 0.61629969  0.4344213   0.44139627  0.68796939  0.52187073  0.30860388
  0.64248967  0.75056034  0.8144359   0.677486    0.75765812  0.79814154
  0.75993365  0.54963011  0.30879772  0.79293609]
2018-04-24 20:43:38[INFO] [ddpg][Episode: 12][Step: 2] Reward: -0.395983586786 Score: -0.326628736256 Done: False
2018-04-24 20:43:39[INFO] [ddpg][Episode: 12][Step: 3] Critic: 9.84686359602 Actor: 0.305300917598
2018-04-24 20:43:39[INFO] [ddpg] Action: [ 0.62926602  0.47870168  0.43655589  0.64209199  0.51268476  0.25613782
  0.61030447  0.6540007   0.73753846  0.75667006  0.7803458   0.82572287
  0.74397653  0.62612551  0.31165385  0.7940591 ]
2018-04-24 20:46:41[INFO] [ddpg][Episode: 12][Step: 3] Reward: -10.0 Score: -10.0 Done: True
2018-04-24 20:46:41[INFO] [ddpg][Episode: 12][Step: 4] Critic: 9.82239748065 Actor: 0.30381130795
2018-04-24 20:48:18[INFO] [ddpg] Action: [ 0.78651208  0.5118584   0.5326677   0.51991528  0.49081048  0.39527753
  0.43646625  0.6494022   0.73847288  0.92181987  0.70488381  0.59008992
  0.8659445   0.46661505  0.46853238  0.58969939]
2018-04-24 20:50:55[INFO] [ddpg][Episode: 13][Step: 0] Reward: -0.131451306038 Score: -0.131451306038 Done: False
2018-04-24 20:50:55[INFO] [ddpg][Episode: 13][Step: 1] Critic: 9.78367828986 Actor: 0.302965282439
2018-04-24 20:50:55[INFO] [ddpg] Action: [ 0.83895302  0.47044417  0.4269098   0.49026406  0.50332558  0.43442556
  0.43220493  0.70482558  0.78464812  0.95492488  0.6998263   0.62166035
  0.77411658  0.4596037   0.41477054  0.66123325]
2018-04-24 20:53:32[INFO] [ddpg][Episode: 13][Step: 1] Reward: 0.100960323026 Score: -0.0304909830123 Done: False
2018-04-24 20:53:32[INFO] [ddpg][Episode: 13][Step: 2] Critic: 9.75776461543 Actor: 0.302617120648
2018-04-24 20:53:32[INFO] [ddpg] Action: [ 0.76234442  0.52935988  0.47340146  0.56188393  0.49905488  0.4244228
  0.37615687  0.65949947  0.72755253  1.          0.58796066  0.75133991
  0.84460813  0.46928129  0.40230316  0.65619081]
2018-04-24 20:55:59[INFO] [ddpg][Episode: 13][Step: 2] Reward: -0.130517074861 Score: -0.161008057873 Done: False
2018-04-24 20:55:59[INFO] [ddpg][Episode: 13][Step: 3] Critic: 9.73044580659 Actor: 0.30319866562
2018-04-24 20:56:00[INFO] [ddpg] Action: [ 0.85640746  0.50481492  0.48355299  0.53741223  0.54789615  0.48951721
  0.44827893  0.6856209   0.71753937  0.89948744  0.55549973  0.75061834
  0.8322593   0.42921644  0.37176719  0.52005297]
2018-04-24 20:58:42[INFO] [ddpg][Episode: 13][Step: 3] Reward: 0.0528539254589 Score: -0.108154132415 Done: False
2018-04-24 20:58:42[INFO] [ddpg][Episode: 13][Step: 4] Critic: 9.68831214797 Actor: 0.304210428147
2018-04-24 20:58:42[INFO] [ddpg] Action: [ 0.90131813  0.43411365  0.47998753  0.58266079  0.6234529   0.37242857
  0.42596403  0.66233236  0.63060087  1.          0.51184642  0.84765822
  0.8076033   0.47645253  0.34675214  0.40866265]
2018-04-24 21:01:19[INFO] [ddpg][Episode: 13][Step: 4] Reward: -0.0354702013143 Score: -0.143624333729 Done: False
2018-04-24 21:01:19[INFO] [ddpg][Episode: 13][Step: 5] Critic: 9.65505697301 Actor: 0.30505994679
2018-04-24 21:01:19[INFO] [ddpg] Action: [ 0.81613851  0.31911492  0.4842993   0.59157026  0.58725047  0.42429566
  0.48707199  0.61385924  0.57003778  0.97427791  0.46364474  0.95401472
  0.71010727  0.53720933  0.32781559  0.48087767]
2018-04-24 21:04:06[INFO] [ddpg][Episode: 13][Step: 5] Reward: -0.172428939595 Score: -0.316053273324 Done: False
2018-04-24 21:04:07[INFO] [ddpg][Episode: 13][Step: 6] Critic: 9.82831325989 Actor: 0.306567862607
2018-04-24 21:04:07[INFO] [ddpg] Action: [ 0.70546842  0.36261171  0.54598624  0.78544521  0.58027703  0.37349069
  0.43702137  0.65870786  0.62191838  0.95802486  0.45426026  0.92266679
  0.67795086  0.47521546  0.36591905  0.46714115]
2018-04-24 21:06:43[INFO] [ddpg][Episode: 13][Step: 6] Reward: 0.085837329327 Score: -0.230215943997 Done: False
2018-04-24 21:06:44[INFO] [ddpg][Episode: 13][Step: 7] Critic: 9.78454811357 Actor: 0.309082018124
2018-04-24 21:06:44[INFO] [ddpg] Action: [ 0.67707634  0.33835292  0.46937895  0.63735121  0.69399118  0.47727013
  0.53584665  0.66928333  0.58213973  0.94082463  0.45125574  0.94492722
  0.60488528  0.53492087  0.37245533  0.52184629]
2018-04-24 21:09:41[INFO] [ddpg][Episode: 13][Step: 7] Reward: -0.0782348747968 Score: -0.308450818794 Done: False
2018-04-24 21:09:41[INFO] [ddpg][Episode: 13][Step: 8] Critic: 9.75261738454 Actor: 0.312045977859
2018-04-24 21:09:41[INFO] [ddpg] Action: [ 0.77351826  0.35108444  0.42018524  0.62963015  0.76568115  0.43351352
  0.61086476  0.65339744  0.60558474  0.94053835  0.50498652  0.93190283
  0.56719965  0.61405355  0.33715871  0.30940542]
2018-04-24 21:12:48[INFO] [ddpg][Episode: 13][Step: 8] Reward: -0.0594105068861 Score: -0.36786132568 Done: False
2018-04-24 21:12:49[INFO] [ddpg][Episode: 13][Step: 9] Critic: 9.73200376416 Actor: 0.314857409144
2018-04-24 21:12:49[INFO] [ddpg] Action: [ 0.71444952  0.27823746  0.42348164  0.58440167  0.64917725  0.48984161
  0.65174532  0.70718986  0.56611353  0.89401597  0.61958545  0.76611739
  0.63820601  0.68494833  0.35922372  0.4014374 ]
2018-04-24 21:15:45[INFO] [ddpg][Episode: 13][Step: 9] Reward: 0.0460593989041 Score: -0.321801926776 Done: False
2018-04-24 21:15:46[INFO] [ddpg][Episode: 13][Step: 10] Critic: 9.70795307271 Actor: 0.317213223372
2018-04-24 21:15:46[INFO] [ddpg] Action: [ 0.7370618   0.35208321  0.56787354  0.60887414  0.68224561  0.59369022
  0.56222928  0.64299476  0.49767733  0.85453367  0.76752728  0.77385974
  0.69342649  0.53681803  0.30141196  0.51011842]
2018-04-24 21:18:33[INFO] [ddpg][Episode: 13][Step: 10] Reward: -0.0947369820171 Score: -0.416538908793 Done: False
2018-04-24 21:18:33[INFO] [ddpg][Episode: 13][Step: 11] Critic: 9.67991447265 Actor: 0.319019110076
2018-04-24 21:18:33[INFO] [ddpg] Action: [ 0.73908061  0.25276506  0.55145687  0.53913283  0.72366911  0.71847939
  0.59113276  0.75223053  0.50654125  0.79897863  0.74048173  0.61486435
  0.64879     0.6048665   0.42354745  0.46722692]
2018-04-24 21:21:25[INFO] [ddpg][Episode: 13][Step: 11] Reward: -0.0403794908905 Score: -0.456918399684 Done: False
2018-04-24 21:21:25[INFO] [ddpg][Episode: 13][Step: 12] Critic: 9.65845714684 Actor: 0.320671907411
2018-04-24 21:21:25[INFO] [ddpg] Action: [ 0.72346646  0.37904203  0.55976307  0.4861455   0.74189943  0.69836611
  0.55746728  0.74497712  0.54360551  0.77869564  0.66867602  0.63229251
  0.53494763  0.62099069  0.54266042  0.45991802]
2018-04-24 21:24:12[INFO] [ddpg][Episode: 13][Step: 12] Reward: -10.0 Score: -10.0 Done: True
2018-04-24 21:24:13[INFO] [ddpg][Episode: 13][Step: 13] Critic: 9.62911182857 Actor: 0.321390321497
2018-04-24 21:25:49[INFO] [ddpg] Action: [ 0.71840823  0.47870669  0.44071737  0.45661697  0.5605852   0.45870328
  0.46595761  0.59554046  0.72264653  0.75841784  0.65811884  0.55348247
  0.69358021  0.55356133  0.56085426  0.47182018]
2018-04-24 21:28:22[INFO] [ddpg][Episode: 14][Step: 0] Reward: -0.00398771457735 Score: -0.00398771457735 Done: False
2018-04-24 21:28:22[INFO] [ddpg][Episode: 14][Step: 1] Critic: 9.5932144442 Actor: 0.321878813473
2018-04-24 21:28:22[INFO] [ddpg] Action: [ 0.6293335   0.52880895  0.54600936  0.43741658  0.55091393  0.56320846
  0.49732825  0.62038183  0.58807653  0.68697208  0.66872722  0.46899855
  0.66185546  0.59313297  0.57112467  0.42673939]
2018-04-24 21:30:59[INFO] [ddpg][Episode: 14][Step: 1] Reward: -0.178497074637 Score: -0.182484789214 Done: False
2018-04-24 21:30:59[INFO] [ddpg][Episode: 14][Step: 2] Critic: 9.56392056618 Actor: 0.322051038514
2018-04-24 21:30:59[INFO] [ddpg] Action: [ 0.60786688  0.52187258  0.56585884  0.45551077  0.48630348  0.53955483
  0.51095313  0.57624727  0.54611391  0.66239077  0.65031064  0.42704651
  0.60733926  0.51282948  0.50477189  0.38678828]
2018-04-24 21:33:36[INFO] [ddpg][Episode: 14][Step: 2] Reward: -0.240788980874 Score: -0.423273770088 Done: False
2018-04-24 21:33:36[INFO] [ddpg][Episode: 14][Step: 3] Critic: 9.53521151051 Actor: 0.32195629902
2018-04-24 21:33:36[INFO] [ddpg] Action: [ 0.61546648  0.45317772  0.51019818  0.51240337  0.52820539  0.54412282
  0.54153711  0.58523607  0.54965746  0.70393229  0.59944713  0.45931718
  0.66603655  0.5400762   0.46301866  0.4464277 ]
2018-04-24 21:36:18[INFO] [ddpg][Episode: 14][Step: 3] Reward: 0.132539020845 Score: -0.290734749243 Done: False
2018-04-24 21:36:18[INFO] [ddpg][Episode: 14][Step: 4] Critic: 9.49962041705 Actor: 0.321724302559
2018-04-24 21:36:18[INFO] [ddpg] Action: [ 0.70146984  0.43082196  0.58327276  0.48599684  0.56168151  0.5086121
  0.50064301  0.54312301  0.5645116   0.80213314  0.59878719  0.36226299
  0.74364853  0.56376606  0.51427895  0.48803443]
2018-04-24 21:38:55[INFO] [ddpg][Episode: 14][Step: 4] Reward: -0.117114429587 Score: -0.40784917883 Done: False
2018-04-24 21:38:56[INFO] [ddpg][Episode: 14][Step: 5] Critic: 9.80095711802 Actor: 0.322029147658
2018-04-24 21:38:56[INFO] [ddpg] Action: [ 0.69160765  0.45604569  0.50019395  0.52005011  0.59819102  0.49949333
  0.35174224  0.4847087   0.61144513  0.86834961  0.72379041  0.41777036
  0.68271029  0.54149354  0.69962585  0.61862403]
2018-04-24 21:41:13[INFO] [ddpg][Episode: 14][Step: 5] Reward: 0.114397719014 Score: -0.293451459816 Done: False
2018-04-24 21:41:13[INFO] [ddpg][Episode: 14][Step: 6] Critic: 9.76719644393 Actor: 0.322656432446
2018-04-24 21:41:13[INFO] [ddpg] Action: [ 0.74191189  0.46613875  0.45633784  0.67480707  0.5155533   0.60833579
  0.42030779  0.54979825  0.62436211  1.          0.71823788  0.44787034
  0.85038298  0.53748846  0.64524019  0.69754416]
2018-04-24 21:43:40[INFO] [ddpg][Episode: 14][Step: 6] Reward: 0.0311660291939 Score: -0.262285430622 Done: False
2018-04-24 21:43:40[INFO] [ddpg][Episode: 14][Step: 7] Critic: 9.73910649846 Actor: 0.32337373493
2018-04-24 21:43:40[INFO] [ddpg] Action: [ 0.77335626  0.41730776  0.42724335  0.67730981  0.57631624  0.69516069
  0.3515698   0.71475089  0.53834277  0.94406199  0.7442959   0.38360167
  0.83738643  0.56753135  0.58171749  0.76440316]
2018-04-24 21:45:57[INFO] [ddpg][Episode: 14][Step: 7] Reward: -10.0 Score: -10.0 Done: True
2018-04-24 21:45:57[INFO] [ddpg][Episode: 14][Step: 8] Critic: 9.72248936223 Actor: 0.324397118622
2018-04-24 21:47:34[INFO] [ddpg] Action: [ 0.81081694  0.41913912  0.49604556  0.69865072  0.68197632  0.46260741
  0.49225202  0.71088535  0.65029675  0.7053442   0.61068499  0.54651374
  0.74876308  0.53326386  0.44389683  0.58333766]
2018-04-24 21:50:11[INFO] [ddpg][Episode: 15][Step: 0] Reward: 0.0226000961502 Score: 0.0226000961502 Done: False
2018-04-24 21:50:11[INFO] [ddpg][Episode: 15][Step: 1] Critic: 9.69310477754 Actor: 0.325020891785
2018-04-24 21:50:11[INFO] [ddpg] Action: [ 0.79655844  0.46698135  0.38604569  0.73170471  0.50899166  0.36897799
  0.5258528   0.69473916  0.6274215   0.56386513  0.58295751  0.52347356
  0.6874091   0.53791386  0.54583102  0.54544389]
2018-04-24 21:52:48[INFO] [ddpg][Episode: 15][Step: 1] Reward: 0.0512741039079 Score: 0.0738742000581 Done: False
2018-04-24 21:52:49[INFO] [ddpg][Episode: 15][Step: 2] Critic: 9.6705400914 Actor: 0.32536651239
2018-04-24 21:52:49[INFO] [ddpg] Action: [ 0.72736514  0.52706832  0.38418382  0.77810717  0.50490278  0.34838742
  0.52157581  0.7500481   0.65175438  0.59856355  0.53155255  0.4776302
  0.64830697  0.46840864  0.53175241  0.49351645]
2018-04-24 21:55:26[INFO] [ddpg][Episode: 15][Step: 2] Reward: -0.0674074053905 Score: 0.00646679466751 Done: False
2018-04-24 21:55:27[INFO] [ddpg][Episode: 15][Step: 3] Critic: 9.65885953831 Actor: 0.325809315216
2018-04-24 21:55:27[INFO] [ddpg] Action: [ 0.64277989  0.63690418  0.3616901   0.79575074  0.60095119  0.39064345
  0.55651116  0.65789211  0.7799226   0.62227738  0.4955788   0.5372721
  0.51810378  0.48773336  0.49028802  0.48766708]
2018-04-24 21:58:08[INFO] [ddpg][Episode: 15][Step: 3] Reward: -10.0 Score: -10.0 Done: True
2018-04-24 21:58:09[INFO] [ddpg][Episode: 15][Step: 4] Critic: 9.6386093505 Actor: 0.326807850563
2018-04-24 21:59:46[INFO] [ddpg] Action: [ 0.7424435   0.57336503  0.47343484  0.58691108  0.66890347  0.47248006
  0.53492868  0.48155811  0.63278162  0.64160544  0.45043463  0.63214499
  0.73196793  0.44431233  0.44430867  0.53125221]
2018-04-24 22:02:28[INFO] [ddpg][Episode: 16][Step: 0] Reward: -0.33128061313 Score: -0.33128061313 Done: False
2018-04-24 22:02:28[INFO] [ddpg][Episode: 16][Step: 1] Critic: 9.61556529705 Actor: 0.329050851975
2018-04-24 22:02:28[INFO] [ddpg] Action: [ 0.73350787  0.53509998  0.43230656  0.58928412  0.67124617  0.53568697
  0.5284971   0.48712319  0.62711471  0.52728695  0.47810486  0.69214278
  0.73712867  0.50798768  0.52580857  0.51155055]
2018-04-24 22:05:10[INFO] [ddpg][Episode: 16][Step: 1] Reward: 0.0928285463437 Score: -0.238452066787 Done: False
2018-04-24 22:05:11[INFO] [ddpg][Episode: 16][Step: 2] Critic: 9.58088636475 Actor: 0.332310726557
2018-04-24 22:05:11[INFO] [ddpg] Action: [ 0.59458107  0.51199746  0.42378104  0.56618774  0.55873573  0.51412976
  0.55437845  0.50265241  0.62697262  0.38987452  0.44386393  0.63407481
  0.6473121   0.564116    0.58171338  0.58311266]
2018-04-24 22:07:52[INFO] [ddpg][Episode: 16][Step: 2] Reward: 0.157069293354 Score: -0.0813827734329 Done: False
2018-04-24 22:07:53[INFO] [ddpg][Episode: 16][Step: 3] Critic: 9.54764152567 Actor: 0.336990375911
2018-04-24 22:07:53[INFO] [ddpg] Action: [ 0.58549416  0.45836338  0.44848907  0.62984258  0.62501949  0.53235525
  0.56970048  0.47322077  0.67238909  0.36144301  0.41771087  0.69919181
  0.60473746  0.57243145  0.56255257  0.61602962]
2018-04-24 22:10:40[INFO] [ddpg][Episode: 16][Step: 3] Reward: -10.0 Score: -10.0 Done: True
2018-04-24 22:10:40[INFO] [ddpg][Episode: 16][Step: 4] Critic: 9.5239158183 Actor: 0.341658032574
2018-04-24 22:12:17[INFO] [ddpg] Action: [ 0.62313616  0.52148193  0.44228834  0.43204606  0.5648846   0.41333798
  0.4768205   0.56334096  0.59497988  0.50981486  0.57339579  0.61452019
  0.54562342  0.47085941  0.50026995  0.59007829]
2018-04-24 22:14:49[INFO] [ddpg][Episode: 17][Step: 0] Reward: 0.0280155297237 Score: 0.0280155297237 Done: False
2018-04-24 22:14:49[INFO] [ddpg][Episode: 17][Step: 1] Critic: 9.50659488376 Actor: 0.346314164492
2018-04-24 22:14:49[INFO] [ddpg] Action: [ 0.46753836  0.54301673  0.45520303  0.43871254  0.60235989  0.34875375
  0.4912014   0.5943718   0.53995258  0.5224362   0.62105548  0.5187974
  0.57437658  0.57656735  0.5272733   0.57827902]
2018-04-24 22:17:26[INFO] [ddpg][Episode: 17][Step: 1] Reward: -0.0982542021631 Score: -0.0702386724394 Done: False
2018-04-24 22:17:26[INFO] [ddpg][Episode: 17][Step: 2] Critic: 9.4819983691 Actor: 0.349328048959
2018-04-24 22:17:26[INFO] [ddpg] Action: [ 0.46914992  0.57702047  0.52262133  0.41665429  0.6019094   0.23960501
  0.48798651  0.61262292  0.50973749  0.542759    0.65771371  0.54995412
  0.65858161  0.56288487  0.54046792  0.57106745]
2018-04-24 22:19:58[INFO] [ddpg][Episode: 17][Step: 2] Reward: -0.31227136849 Score: -0.382510040929 Done: False
2018-04-24 22:19:58[INFO] [ddpg][Episode: 17][Step: 3] Critic: 9.45998864692 Actor: 0.351330019776
2018-04-24 22:19:58[INFO] [ddpg] Action: [ 0.52048314  0.52680647  0.40490067  0.36561224  0.67699397  0.22966503
  0.57348531  0.68008113  0.47385293  0.51250261  0.63676012  0.57521272
  0.78270429  0.59967875  0.54189092  0.46549919]
2018-04-24 22:22:40[INFO] [ddpg][Episode: 17][Step: 3] Reward: 0.157631573842 Score: -0.224878467087 Done: False
2018-04-24 22:22:40[INFO] [ddpg][Episode: 17][Step: 4] Critic: 9.43378017381 Actor: 0.352577756102
2018-04-24 22:22:41[INFO] [ddpg] Action: [ 0.4931097   0.49569073  0.41684604  0.30408114  0.63382524  0.2162867
  0.47940576  0.72815466  0.32511774  0.58088678  0.77329433  0.574898
  0.89194351  0.52577162  0.44911987  0.5197053 ]
2018-04-24 22:25:13[INFO] [ddpg][Episode: 17][Step: 4] Reward: 0.168052787103 Score: -0.0568256799835 Done: False
2018-04-24 22:25:13[INFO] [ddpg][Episode: 17][Step: 5] Critic: 9.41708901109 Actor: 0.353509662366
2018-04-24 22:25:13[INFO] [ddpg] Action: [ 0.62090391  0.44344574  0.4070726   0.29260093  0.56876856  0.26920205
  0.55382288  0.74298555  0.39299104  0.68276662  0.82073492  0.61486375
  0.95685649  0.6694997   0.44388878  0.60376471]
2018-04-24 22:27:55[INFO] [ddpg][Episode: 17][Step: 5] Reward: -0.0655583513507 Score: -0.122384031334 Done: False
2018-04-24 22:27:55[INFO] [ddpg][Episode: 17][Step: 6] Critic: 9.39017661565 Actor: 0.354430646348
2018-04-24 22:27:55[INFO] [ddpg] Action: [ 0.6441741   0.55092549  0.42612606  0.28042617  0.55951214  0.23061071
  0.49767286  0.69457889  0.4787274   0.62233353  0.7867139   0.5484603
  0.87827575  0.66629112  0.45182708  0.62773281]
2018-04-24 22:30:32[INFO] [ddpg][Episode: 17][Step: 6] Reward: -0.16390473565 Score: -0.286288766985 Done: False
2018-04-24 22:30:32[INFO] [ddpg][Episode: 17][Step: 7] Critic: 9.53758476359 Actor: 0.354872004646
2018-04-24 22:30:32[INFO] [ddpg] Action: [ 0.59309107  0.53777361  0.50231498  0.282015    0.49938774  0.26713029
  0.48512474  0.64197224  0.44442722  0.62040699  0.7999413   0.58282167
  0.83940995  0.64456594  0.36566201  0.61976951]
2018-04-24 22:33:04[INFO] [ddpg][Episode: 17][Step: 7] Reward: -0.0143725122841 Score: -0.300661279269 Done: False
2018-04-24 22:33:04[INFO] [ddpg][Episode: 17][Step: 8] Critic: 9.66107795826 Actor: 0.355240176321
2018-04-24 22:33:04[INFO] [ddpg] Action: [ 0.584867    0.55983734  0.61647063  0.33336034  0.56586444  0.33915401
  0.42835405  0.6575253   0.52574152  0.48951384  0.78142136  0.41390473
  0.77107358  0.71830827  0.38154724  0.64798176]
2018-04-24 22:35:30[INFO] [ddpg][Episode: 17][Step: 8] Reward: -10.0 Score: -10.0 Done: True
2018-04-24 22:35:31[INFO] [ddpg][Episode: 17][Step: 9] Critic: 9.63434969521 Actor: 0.356433265873
2018-04-24 22:37:07[INFO] [ddpg] Action: [ 0.55215412  0.56505871  0.46940267  0.48481265  0.4325245   0.36722901
  0.47101229  0.73610079  0.43481132  0.52417767  0.69356734  0.4228116
  0.77510172  0.54739523  0.42403278  0.52391285]
2018-04-24 22:39:39[INFO] [ddpg][Episode: 18][Step: 0] Reward: -0.188949019347 Score: -0.188949019347 Done: False
2018-04-24 22:39:39[INFO] [ddpg][Episode: 18][Step: 1] Critic: 9.60717567729 Actor: 0.358104268377
2018-04-24 22:39:39[INFO] [ddpg] Action: [ 0.46949747  0.54351956  0.51985002  0.56345433  0.36078498  0.40920997
  0.4120684   0.6399982   0.45022511  0.51933599  0.63330525  0.32749078
  0.84194893  0.52031863  0.43095204  0.38663825]
2018-04-24 22:42:06[INFO] [ddpg][Episode: 18][Step: 1] Reward: -0.0685753072798 Score: -0.257524326627 Done: False
2018-04-24 22:42:06[INFO] [ddpg][Episode: 18][Step: 2] Critic: 9.58607757912 Actor: 0.359607726676
2018-04-24 22:42:06[INFO] [ddpg] Action: [ 0.63631189  0.52890825  0.48800272  0.61389768  0.46809986  0.3259013
  0.41985494  0.6520735   0.58022547  0.70952511  0.57376492  0.33845225
  0.90669936  0.56680572  0.4451527   0.40161526]
2018-04-24 22:44:33[INFO] [ddpg][Episode: 18][Step: 2] Reward: 0.112038775413 Score: -0.145485551214 Done: False
2018-04-24 22:44:34[INFO] [ddpg][Episode: 18][Step: 3] Critic: 9.56401899701 Actor: 0.361128080832
2018-04-24 22:44:34[INFO] [ddpg] Action: [ 0.57960677  0.45850557  0.47684988  0.56311989  0.45609966  0.31757936
  0.47662073  0.62613326  0.58835483  0.85557914  0.41448867  0.45993945
  0.92906535  0.66893035  0.40453681  0.59438598]
2018-04-24 22:47:05[INFO] [ddpg][Episode: 18][Step: 3] Reward: 0.0235283294094 Score: -0.121957221804 Done: False
2018-04-24 22:47:06[INFO] [ddpg][Episode: 18][Step: 4] Critic: 9.54004260242 Actor: 0.36237376463
2018-04-24 22:47:06[INFO] [ddpg] Action: [ 0.5800336   0.40443578  0.48747012  0.65522349  0.47553381  0.3569417
  0.46495825  0.65712702  0.59014767  0.79179472  0.36399713  0.47502968
  0.92426819  0.65667671  0.41990981  0.53651452]
2018-04-24 22:49:37[INFO] [ddpg][Episode: 18][Step: 4] Reward: -0.126499839538 Score: -0.248457061342 Done: False
2018-04-24 22:49:38[INFO] [ddpg][Episode: 18][Step: 5] Critic: 9.5197803828 Actor: 0.36346630587
2018-04-24 22:49:38[INFO] [ddpg] Action: [ 0.69166446  0.30637664  0.50449508  0.75382388  0.54782367  0.32175389
  0.55582619  0.64660239  0.7147755   0.85352731  0.37034279  0.61759102
  0.86098552  0.66853577  0.3761802   0.63360512]
2018-04-24 22:52:25[INFO] [ddpg][Episode: 18][Step: 5] Reward: 0.106168046083 Score: -0.142289015259 Done: False
2018-04-24 22:52:25[INFO] [ddpg][Episode: 18][Step: 6] Critic: 9.49078388251 Actor: 0.364614248751
2018-04-24 22:52:25[INFO] [ddpg] Action: [ 0.68854374  0.40209436  0.49922657  0.67369461  0.5820744   0.30123696
  0.57763696  0.71477532  0.7050643   0.84801483  0.40104714  0.52286261
  0.81250638  0.60969085  0.49956527  0.54771054]
2018-04-24 22:55:12[INFO] [ddpg][Episode: 18][Step: 6] Reward: -10.0 Score: -10.0 Done: True
2018-04-24 22:55:13[INFO] [ddpg][Episode: 18][Step: 7] Critic: 9.46705293332 Actor: 0.365660157457
